
> frontend@0.0.0 dev
> vite --port 5176 --host


  [32m[1mVITE[22m v7.3.1[39m  [2mready in [0m[1m447[22m[2m[0m ms[22m

  [32m➜[39m  [1mLocal[22m:   [36mhttp://localhost:[1m5176[22m/[39m
  [32m➜[39m  [1mNetwork[22m: [36mhttp://172.24.176.1:[1m5176[22m/[39m
  [32m➜[39m  [1mNetwork[22m: [36mhttp://172.27.64.1:[1m5176[22m/[39m
  [32m➜[39m  [1mNetwork[22m: [36mhttp://192.168.56.1:[1m5176[22m/[39m
  [32m➜[39m  [1mNetwork[22m: [36mhttp://192.168.217.1:[1m5176[22m/[39m
  [32m➜[39m  [1mNetwork[22m: [36mhttp://192.168.59.1:[1m5176[22m/[39m
  [32m➜[39m  [1mNetwork[22m: [36mhttp://192.168.73.233:[1m5176[22m/[39m
  [32m➜[39m  [1mNetwork[22m: [36mhttp://172.19.80.1:[1m5176[22m/[39m
[2m[32m  ➜[39m[22m[2m  press [22m[1mh + enter[22m[2m to show help[22m
[33m[vite:css][postcss] @import must precede all other statements (besides @charset or empty @layer)
719 |    }
720 |  }
721 |  @import url('https://fonts.googleapis.com/css2?family=Outfit:wght@100..900&display=swap');
    |  ^^^^^^^^^^^^^^^^^^^^^^^^^^^^^^^^^^^^^^^^^^^^^^^^^^^^^^^^^^^^^^^^^^^^^^^^^^^^^^^^^^^^^^^^^^
722 |  @import url('https://cdn.jsdelivr.net/gh/orioncactus/pretendard/dist/web/static/pretendard.css');
723 |  * {[39m
[33m[vite:css][postcss] @import must precede all other statements (besides @charset or empty @layer)
720 |  }
721 |  @import url('https://fonts.googleapis.com/css2?family=Outfit:wght@100..900&display=swap');
722 |  @import url('https://cdn.jsdelivr.net/gh/orioncactus/pretendard/dist/web/static/pretendard.css');
    |  ^^^^^^^^^^^^^^^^^^^^^^^^^^^^^^^^^^^^^^^^^^^^^^^^^^^^^^^^^^^^^^^^^^^^^^^^^^^^^^^^^^^^^^^^^^^^^^^^^
723 |  * {
724 |    margin: 0;[39m
[2m오후 1:09:10[22m [36m[1m[vite][22m[39m [90m[2m(client)[22m[39m [32mhmr update [39m[2m/src/index.css[22m
[2m오후 1:09:22[22m [36m[1m[vite][22m[39m [90m[2m(client)[22m[39m [32mhmr update [39m[2m/src/index.css, /src/components/Logo.jsx[22m
[2m오후 1:09:43[22m [36m[1m[vite][22m[39m [90m[2m(client)[22m[39m [32mhmr update [39m[2m/src/App.jsx, /src/index.css[22m
[2m오후 1:09:45[22m [36m[1m[vite][22m[39m [90m[2m(client)[22m[39m [32mhmr update [39m[2m/src/pages/IdentityVerification.jsx, /src/index.css[22m
[2m오후 1:09:47[22m [36m[1m[vite][22m[39m [90m[2m(client)[22m[39m [32mhmr update [39m[2m/src/pages/IdentityVerification.jsx, /src/index.css[22m
[2m오후 1:10:15[22m [36m[1m[vite][22m[39m [90m[2m(client)[22m[39m [32mhmr update [39m[2m/src/index.css[22m
[2m오후 1:10:17[22m [36m[1m[vite][22m[39m [90m[2m(client)[22m[39m [32mhmr update [39m[2m/src/pages/OtpInput.jsx, /src/index.css[22m
[33m[vite:css][postcss] @import must precede all other statements (besides @charset or empty @layer)
932 |    }
933 |  }
934 |  @import url('https://fonts.googleapis.com/css2?family=Outfit:wght@100..900&display=swap');
    |  ^^^^^^^^^^^^^^^^^^^^^^^^^^^^^^^^^^^^^^^^^^^^^^^^^^^^^^^^^^^^^^^^^^^^^^^^^^^^^^^^^^^^^^^^^^
935 |  @import url('https://cdn.jsdelivr.net/gh/orioncactus/pretendard/dist/web/static/pretendard.css');
936 |  * {[39m
[33m[vite:css][postcss] @import must precede all other statements (besides @charset or empty @layer)
933 |  }
934 |  @import url('https://fonts.googleapis.com/css2?family=Outfit:wght@100..900&display=swap');
935 |  @import url('https://cdn.jsdelivr.net/gh/orioncactus/pretendard/dist/web/static/pretendard.css');
    |  ^^^^^^^^^^^^^^^^^^^^^^^^^^^^^^^^^^^^^^^^^^^^^^^^^^^^^^^^^^^^^^^^^^^^^^^^^^^^^^^^^^^^^^^^^^^^^^^^^
936 |  * {
937 |    margin: 0;[39m
[2m오후 1:17:03[22m [36m[1m[vite][22m[39m [90m[2m(client)[22m[39m [32mhmr update [39m[2m/src/index.css, /src/components/Logo.jsx[22m
[33m[vite:css][postcss] @import must precede all other statements (besides @charset or empty @layer)
999  |    }
1000 |  }
1001 |  @import url('https://fonts.googleapis.com/css2?family=Outfit:wght@100..900&display=swap');
     |  ^^^^^^^^^^^^^^^^^^^^^^^^^^^^^^^^^^^^^^^^^^^^^^^^^^^^^^^^^^^^^^^^^^^^^^^^^^^^^^^^^^^^^^^^^^
1002 |  @import url('https://cdn.jsdelivr.net/gh/orioncactus/pretendard/dist/web/static/pretendard.css');
1003 |  * {[39m
[33m[vite:css][postcss] @import must precede all other statements (besides @charset or empty @layer)
1000 |  }
1001 |  @import url('https://fonts.googleapis.com/css2?family=Outfit:wght@100..900&display=swap');
1002 |  @import url('https://cdn.jsdelivr.net/gh/orioncactus/pretendard/dist/web/static/pretendard.css');
     |  ^^^^^^^^^^^^^^^^^^^^^^^^^^^^^^^^^^^^^^^^^^^^^^^^^^^^^^^^^^^^^^^^^^^^^^^^^^^^^^^^^^^^^^^^^^^^^^^^^
1003 |  * {
1004 |    margin: 0;[39m
[2m오후 1:17:06[22m [36m[1m[vite][22m[39m [90m[2m(client)[22m[39m [32mhmr update [39m[2m/src/components/LoadingOverlay.jsx, /src/index.css[22m
[33m[vite:css][postcss] @import must precede all other statements (besides @charset or empty @layer)
1019 |    }
1020 |  }
1021 |  @import url('https://fonts.googleapis.com/css2?family=Outfit:wght@100..900&display=swap');
     |  ^^^^^^^^^^^^^^^^^^^^^^^^^^^^^^^^^^^^^^^^^^^^^^^^^^^^^^^^^^^^^^^^^^^^^^^^^^^^^^^^^^^^^^^^^^
1022 |  @import url('https://cdn.jsdelivr.net/gh/orioncactus/pretendard/dist/web/static/pretendard.css');
1023 |  * {[39m
[33m[vite:css][postcss] @import must precede all other statements (besides @charset or empty @layer)
1020 |  }
1021 |  @import url('https://fonts.googleapis.com/css2?family=Outfit:wght@100..900&display=swap');
1022 |  @import url('https://cdn.jsdelivr.net/gh/orioncactus/pretendard/dist/web/static/pretendard.css');
     |  ^^^^^^^^^^^^^^^^^^^^^^^^^^^^^^^^^^^^^^^^^^^^^^^^^^^^^^^^^^^^^^^^^^^^^^^^^^^^^^^^^^^^^^^^^^^^^^^^^
1023 |  * {
1024 |    margin: 0;[39m
[2m오후 1:18:55[22m [36m[1m[vite][22m[39m [90m[2m(client)[22m[39m [32mhmr update [39m[2m/src/index.css, /src/components/Logo.jsx[22m
[33m[vite:css][postcss] @import must precede all other statements (besides @charset or empty @layer)
1026 |    }
1027 |  }
1028 |  @import url('https://fonts.googleapis.com/css2?family=Outfit:wght@100..900&display=swap');
     |  ^^^^^^^^^^^^^^^^^^^^^^^^^^^^^^^^^^^^^^^^^^^^^^^^^^^^^^^^^^^^^^^^^^^^^^^^^^^^^^^^^^^^^^^^^^
1029 |  @import url('https://cdn.jsdelivr.net/gh/orioncactus/pretendard/dist/web/static/pretendard.css');
1030 |  * {[39m
[33m[vite:css][postcss] @import must precede all other statements (besides @charset or empty @layer)
1027 |  }
1028 |  @import url('https://fonts.googleapis.com/css2?family=Outfit:wght@100..900&display=swap');
1029 |  @import url('https://cdn.jsdelivr.net/gh/orioncactus/pretendard/dist/web/static/pretendard.css');
     |  ^^^^^^^^^^^^^^^^^^^^^^^^^^^^^^^^^^^^^^^^^^^^^^^^^^^^^^^^^^^^^^^^^^^^^^^^^^^^^^^^^^^^^^^^^^^^^^^^^
1030 |  * {
1031 |    margin: 0;[39m
[2m오후 1:18:57[22m [36m[1m[vite][22m[39m [90m[2m(client)[22m[39m [32mhmr update [39m[2m/src/components/LoadingOverlay.jsx, /src/index.css[22m
[33m[vite:css][postcss] @import must precede all other statements (besides @charset or empty @layer)
1026 |    }
1027 |  }
1028 |  @import url('https://fonts.googleapis.com/css2?family=Outfit:wght@100..900&display=swap');
     |  ^^^^^^^^^^^^^^^^^^^^^^^^^^^^^^^^^^^^^^^^^^^^^^^^^^^^^^^^^^^^^^^^^^^^^^^^^^^^^^^^^^^^^^^^^^
1029 |  @import url('https://cdn.jsdelivr.net/gh/orioncactus/pretendard/dist/web/static/pretendard.css');
1030 |  * {[39m
[33m[vite:css][postcss] @import must precede all other statements (besides @charset or empty @layer)
1027 |  }
1028 |  @import url('https://fonts.googleapis.com/css2?family=Outfit:wght@100..900&display=swap');
1029 |  @import url('https://cdn.jsdelivr.net/gh/orioncactus/pretendard/dist/web/static/pretendard.css');
     |  ^^^^^^^^^^^^^^^^^^^^^^^^^^^^^^^^^^^^^^^^^^^^^^^^^^^^^^^^^^^^^^^^^^^^^^^^^^^^^^^^^^^^^^^^^^^^^^^^^
1030 |  * {
1031 |    margin: 0;[39m
[2m오후 1:23:24[22m [36m[1m[vite][22m[39m [90m[2m(client)[22m[39m [32mhmr update [39m[2m/src/index.css, /src/components/Logo.jsx[22m
[33m[vite:css][postcss] @import must precede all other statements (besides @charset or empty @layer)
1045 |    }
1046 |  }
1047 |  @import url('https://fonts.googleapis.com/css2?family=Outfit:wght@100..900&display=swap');
     |  ^^^^^^^^^^^^^^^^^^^^^^^^^^^^^^^^^^^^^^^^^^^^^^^^^^^^^^^^^^^^^^^^^^^^^^^^^^^^^^^^^^^^^^^^^^
1048 |  @import url('https://cdn.jsdelivr.net/gh/orioncactus/pretendard/dist/web/static/pretendard.css');
1049 |  * {[39m
[33m[vite:css][postcss] @import must precede all other statements (besides @charset or empty @layer)
1046 |  }
1047 |  @import url('https://fonts.googleapis.com/css2?family=Outfit:wght@100..900&display=swap');
1048 |  @import url('https://cdn.jsdelivr.net/gh/orioncactus/pretendard/dist/web/static/pretendard.css');
     |  ^^^^^^^^^^^^^^^^^^^^^^^^^^^^^^^^^^^^^^^^^^^^^^^^^^^^^^^^^^^^^^^^^^^^^^^^^^^^^^^^^^^^^^^^^^^^^^^^^
1049 |  * {
1050 |    margin: 0;[39m
[2m오후 1:23:26[22m [36m[1m[vite][22m[39m [90m[2m(client)[22m[39m [32mhmr update [39m[2m/src/components/LoadingOverlay.jsx, /src/index.css[22m
[33m[vite:css][postcss] @import must precede all other statements (besides @charset or empty @layer)
1045 |    }
1046 |  }
1047 |  @import url('https://fonts.googleapis.com/css2?family=Outfit:wght@100..900&display=swap');
     |  ^^^^^^^^^^^^^^^^^^^^^^^^^^^^^^^^^^^^^^^^^^^^^^^^^^^^^^^^^^^^^^^^^^^^^^^^^^^^^^^^^^^^^^^^^^
1048 |  @import url('https://cdn.jsdelivr.net/gh/orioncactus/pretendard/dist/web/static/pretendard.css');
1049 |  * {[39m
[33m[vite:css][postcss] @import must precede all other statements (besides @charset or empty @layer)
1046 |  }
1047 |  @import url('https://fonts.googleapis.com/css2?family=Outfit:wght@100..900&display=swap');
1048 |  @import url('https://cdn.jsdelivr.net/gh/orioncactus/pretendard/dist/web/static/pretendard.css');
     |  ^^^^^^^^^^^^^^^^^^^^^^^^^^^^^^^^^^^^^^^^^^^^^^^^^^^^^^^^^^^^^^^^^^^^^^^^^^^^^^^^^^^^^^^^^^^^^^^^^
1049 |  * {
1050 |    margin: 0;[39m
[2m오후 1:25:19[22m [36m[1m[vite][22m[39m [90m[2m(client)[22m[39m [32mhmr update [39m[2m/src/components/LoadingOverlay.jsx, /src/index.css[22m
[33m[vite:css][postcss] @import must precede all other statements (besides @charset or empty @layer)
1048 |    }
1049 |  }
1050 |  @import url('https://fonts.googleapis.com/css2?family=Outfit:wght@100..900&display=swap');
     |  ^^^^^^^^^^^^^^^^^^^^^^^^^^^^^^^^^^^^^^^^^^^^^^^^^^^^^^^^^^^^^^^^^^^^^^^^^^^^^^^^^^^^^^^^^^
1051 |  @import url('https://cdn.jsdelivr.net/gh/orioncactus/pretendard/dist/web/static/pretendard.css');
1052 |  * {[39m
[33m[vite:css][postcss] @import must precede all other statements (besides @charset or empty @layer)
1049 |  }
1050 |  @import url('https://fonts.googleapis.com/css2?family=Outfit:wght@100..900&display=swap');
1051 |  @import url('https://cdn.jsdelivr.net/gh/orioncactus/pretendard/dist/web/static/pretendard.css');
     |  ^^^^^^^^^^^^^^^^^^^^^^^^^^^^^^^^^^^^^^^^^^^^^^^^^^^^^^^^^^^^^^^^^^^^^^^^^^^^^^^^^^^^^^^^^^^^^^^^^
1052 |  * {
1053 |    margin: 0;[39m
[2m오후 1:25:21[22m [36m[1m[vite][22m[39m [90m[2m(client)[22m[39m [32mhmr update [39m[2m/src/index.css, /src/components/Logo.jsx[22m
[33m[vite:css][postcss] @import must precede all other statements (besides @charset or empty @layer)
1048 |    }
1049 |  }
1050 |  @import url('https://fonts.googleapis.com/css2?family=Outfit:wght@100..900&display=swap');
     |  ^^^^^^^^^^^^^^^^^^^^^^^^^^^^^^^^^^^^^^^^^^^^^^^^^^^^^^^^^^^^^^^^^^^^^^^^^^^^^^^^^^^^^^^^^^
1051 |  @import url('https://cdn.jsdelivr.net/gh/orioncactus/pretendard/dist/web/static/pretendard.css');
1052 |  * {[39m
[33m[vite:css][postcss] @import must precede all other statements (besides @charset or empty @layer)
1049 |  }
1050 |  @import url('https://fonts.googleapis.com/css2?family=Outfit:wght@100..900&display=swap');
1051 |  @import url('https://cdn.jsdelivr.net/gh/orioncactus/pretendard/dist/web/static/pretendard.css');
     |  ^^^^^^^^^^^^^^^^^^^^^^^^^^^^^^^^^^^^^^^^^^^^^^^^^^^^^^^^^^^^^^^^^^^^^^^^^^^^^^^^^^^^^^^^^^^^^^^^^
1052 |  * {
1053 |    margin: 0;[39m
[2m오후 1:45:24[22m [36m[1m[vite][22m[39m [90m[2m(client)[22m[39m [32mhmr update [39m[2m/src/index.css[22m
[33m[vite:css][postcss] @import must precede all other statements (besides @charset or empty @layer)
1048 |    }
1049 |  }
1050 |  @import url('https://fonts.googleapis.com/css2?family=Outfit:wght@100..900&display=swap');
     |  ^^^^^^^^^^^^^^^^^^^^^^^^^^^^^^^^^^^^^^^^^^^^^^^^^^^^^^^^^^^^^^^^^^^^^^^^^^^^^^^^^^^^^^^^^^
1051 |  @import url('https://cdn.jsdelivr.net/gh/orioncactus/pretendard/dist/web/static/pretendard.css');
1052 |  * {[39m
[33m[vite:css][postcss] @import must precede all other statements (besides @charset or empty @layer)
1049 |  }
1050 |  @import url('https://fonts.googleapis.com/css2?family=Outfit:wght@100..900&display=swap');
1051 |  @import url('https://cdn.jsdelivr.net/gh/orioncactus/pretendard/dist/web/static/pretendard.css');
     |  ^^^^^^^^^^^^^^^^^^^^^^^^^^^^^^^^^^^^^^^^^^^^^^^^^^^^^^^^^^^^^^^^^^^^^^^^^^^^^^^^^^^^^^^^^^^^^^^^^
1052 |  * {
1053 |    margin: 0;[39m
