
  .   ____          _            __ _ _
 /\\ / ___'_ __ _ _(_)_ __  __ _ \ \ \ \
( ( )\___ | '_ | '_| | '_ \/ _` | \ \ \ \
 \\/  ___)| |_)| | | | | || (_| |  ) ) ) )
  '  |____| .__|_| |_|_| |_\__, | / / / /
 =========|_|==============|___/=/_/_/_/
 :: Spring Boot ::                (v3.2.1)

2026-01-28T14:55:24.908+09:00  INFO 26844 --- [trustee-backend] [           main] com.trustee.backend.BackendApplication   : Starting BackendApplication using Java 21.0.9 with PID 26844 (C:\ContinueProject\homepage-project\vpass-provider\backend\target\backend-0.0.1-SNAPSHOT.jar started by ez in C:\ContinueProject\homepage-project)
2026-01-28T14:55:24.913+09:00  INFO 26844 --- [trustee-backend] [           main] com.trustee.backend.BackendApplication   : No active profile set, falling back to 1 default profile: "default"
2026-01-28T14:55:25.850+09:00  INFO 26844 --- [trustee-backend] [           main] .s.d.r.c.RepositoryConfigurationDelegate : Bootstrapping Spring Data JPA repositories in DEFAULT mode.
2026-01-28T14:55:25.906+09:00  INFO 26844 --- [trustee-backend] [           main] .s.d.r.c.RepositoryConfigurationDelegate : Finished Spring Data repository scanning in 50 ms. Found 2 JPA repository interfaces.
2026-01-28T14:55:26.558+09:00  INFO 26844 --- [trustee-backend] [           main] o.s.b.w.embedded.tomcat.TomcatWebServer  : Tomcat initialized with port 8086 (http)
2026-01-28T14:55:26.567+09:00  INFO 26844 --- [trustee-backend] [           main] o.apache.catalina.core.StandardService   : Starting service [Tomcat]
2026-01-28T14:55:26.567+09:00  INFO 26844 --- [trustee-backend] [           main] o.apache.catalina.core.StandardEngine    : Starting Servlet engine: [Apache Tomcat/10.1.17]
2026-01-28T14:55:26.601+09:00  INFO 26844 --- [trustee-backend] [           main] o.a.c.c.C.[Tomcat].[localhost].[/]       : Initializing Spring embedded WebApplicationContext
2026-01-28T14:55:26.601+09:00  INFO 26844 --- [trustee-backend] [           main] w.s.c.ServletWebServerApplicationContext : Root WebApplicationContext: initialization completed in 1592 ms
2026-01-28T14:55:26.818+09:00  INFO 26844 --- [trustee-backend] [           main] o.hibernate.jpa.internal.util.LogHelper  : HHH000204: Processing PersistenceUnitInfo [name: default]
2026-01-28T14:55:26.901+09:00  INFO 26844 --- [trustee-backend] [           main] org.hibernate.Version                    : HHH000412: Hibernate ORM core version 6.4.1.Final
2026-01-28T14:55:26.932+09:00  INFO 26844 --- [trustee-backend] [           main] o.h.c.internal.RegionFactoryInitiator    : HHH000026: Second-level cache disabled
2026-01-28T14:55:27.219+09:00  INFO 26844 --- [trustee-backend] [           main] o.s.o.j.p.SpringPersistenceUnitInfo      : No LoadTimeWeaver setup: ignoring JPA class transformer
2026-01-28T14:55:27.255+09:00  INFO 26844 --- [trustee-backend] [           main] com.zaxxer.hikari.HikariDataSource       : HikariPool-1 - Starting...
2026-01-28T14:55:27.483+09:00  INFO 26844 --- [trustee-backend] [           main] com.zaxxer.hikari.pool.HikariPool        : HikariPool-1 - Added connection com.mysql.cj.jdbc.ConnectionImpl@52d96367
2026-01-28T14:55:27.485+09:00  INFO 26844 --- [trustee-backend] [           main] com.zaxxer.hikari.HikariDataSource       : HikariPool-1 - Start completed.
2026-01-28T14:55:28.279+09:00  INFO 26844 --- [trustee-backend] [           main] o.h.e.t.j.p.i.JtaPlatformInitiator       : HHH000489: No JTA platform available (set 'hibernate.transaction.jta.platform' to enable JTA platform integration)
2026-01-28T14:55:28.316+09:00  INFO 26844 --- [trustee-backend] [           main] j.LocalContainerEntityManagerFactoryBean : Initialized JPA EntityManagerFactory for persistence unit 'default'
2026-01-28T14:55:28.787+09:00  WARN 26844 --- [trustee-backend] [           main] JpaBaseConfiguration$JpaWebConfiguration : spring.jpa.open-in-view is enabled by default. Therefore, database queries may be performed during view rendering. Explicitly configure spring.jpa.open-in-view to disable this warning
2026-01-28T14:55:28.808+09:00  WARN 26844 --- [trustee-backend] [           main] .s.s.UserDetailsServiceAutoConfiguration : 

Using generated security password: 75378d32-8e09-4e44-badd-cb2f91539c26

This generated password is for development use only. Your security configuration must be updated before running your application in production.

2026-01-28T14:55:29.151+09:00  INFO 26844 --- [trustee-backend] [           main] o.s.s.web.DefaultSecurityFilterChain     : Will secure any request with [org.springframework.security.web.session.DisableEncodeUrlFilter@6905d030, org.springframework.security.web.context.request.async.WebAsyncManagerIntegrationFilter@641ab175, org.springframework.security.web.context.SecurityContextHolderFilter@3555d804, org.springframework.security.web.header.HeaderWriterFilter@3872867d, org.springframework.web.filter.CorsFilter@3bc33ad9, org.springframework.security.web.authentication.logout.LogoutFilter@4a9f0360, org.springframework.security.web.savedrequest.RequestCacheAwareFilter@46a9c368, org.springframework.security.web.servletapi.SecurityContextHolderAwareRequestFilter@62fbefad, org.springframework.security.web.authentication.AnonymousAuthenticationFilter@6b35b0f4, org.springframework.security.web.access.ExceptionTranslationFilter@7866a7a6, org.springframework.security.web.access.intercept.AuthorizationFilter@1822a61b]
2026-01-28T14:55:29.381+09:00  WARN 26844 --- [trustee-backend] [           main] ConfigServletWebServerApplicationContext : Exception encountered during context initialization - cancelling refresh attempt: org.springframework.context.ApplicationContextException: Failed to start bean 'webServerStartStop'
2026-01-28T14:55:29.383+09:00  INFO 26844 --- [trustee-backend] [           main] j.LocalContainerEntityManagerFactoryBean : Closing JPA EntityManagerFactory for persistence unit 'default'
2026-01-28T14:55:29.384+09:00  INFO 26844 --- [trustee-backend] [           main] com.zaxxer.hikari.HikariDataSource       : HikariPool-1 - Shutdown initiated...
2026-01-28T14:55:29.393+09:00  INFO 26844 --- [trustee-backend] [           main] com.zaxxer.hikari.HikariDataSource       : HikariPool-1 - Shutdown completed.
2026-01-28T14:55:29.407+09:00  INFO 26844 --- [trustee-backend] [           main] .s.b.a.l.ConditionEvaluationReportLogger : 

Error starting ApplicationContext. To display the condition evaluation report re-run your application with 'debug' enabled.
2026-01-28T14:55:29.423+09:00 ERROR 26844 --- [trustee-backend] [           main] o.s.b.d.LoggingFailureAnalysisReporter   : 

***************************
APPLICATION FAILED TO START
***************************

Description:

Web server failed to start. Port 8086 was already in use.

Action:

Identify and stop the process that's listening on port 8086 or configure this application to listen on another port.

