[INFO] Scanning for projects...
[INFO] 
[INFO] ------------------------< com.trustee:backend >-------------------------
[INFO] Building backend 0.0.1-SNAPSHOT
[INFO]   from pom.xml
[INFO] --------------------------------[ jar ]---------------------------------
[INFO] 
[INFO] --- resources:3.3.1:resources (default-resources) @ backend ---
[INFO] Copying 1 resource from src\main\resources to target\classes
[INFO] Copying 1 resource from src\main\resources to target\classes
[INFO] 
[INFO] --- compiler:3.11.0:compile (default-compile) @ backend ---
[INFO] Changes detected - recompiling the module! :source
[INFO] Compiling 23 source files with javac [debug release 17] to target\classes
[INFO] ------------------------------------------------------------------------
[INFO] BUILD SUCCESS
[INFO] ------------------------------------------------------------------------
[INFO] Total time:  7.062 s
[INFO] Finished at: 2026-01-30T13:46:09+09:00
[INFO] ------------------------------------------------------------------------
