[INFO] Scanning for projects...
[INFO] 
[INFO] ------------------------< com.trustee:backend >-------------------------
[INFO] Building backend 0.0.1-SNAPSHOT
[INFO]   from pom.xml
[INFO] --------------------------------[ jar ]---------------------------------
[INFO] 
[INFO] >>> spring-boot:3.2.1:run (default-cli) > test-compile @ backend >>>
[INFO] 
[INFO] --- resources:3.3.1:resources (default-resources) @ backend ---
[INFO] Copying 1 resource from src\main\resources to target\classes
[INFO] Copying 0 resource from src\main\resources to target\classes
[INFO] 
[INFO] --- compiler:3.11.0:compile (default-compile) @ backend ---
[INFO] Nothing to compile - all classes are up to date
[INFO] 
[INFO] --- resources:3.3.1:testResources (default-testResources) @ backend ---
[INFO] skip non existing resourceDirectory C:\ContinueProject\homepage-project\trustee-provider\backend\src\test\resources
[INFO] 
[INFO] --- compiler:3.11.0:testCompile (default-testCompile) @ backend ---
[INFO] No sources to compile
[INFO] 
[INFO] <<< spring-boot:3.2.1:run (default-cli) < test-compile @ backend <<<
[INFO] 
[INFO] 
[INFO] --- spring-boot:3.2.1:run (default-cli) @ backend ---
[INFO] Attaching agents: []

  .   ____          _            __ _ _
 /\\ / ___'_ __ _ _(_)_ __  __ _ \ \ \ \
( ( )\___ | '_ | '_| | '_ \/ _` | \ \ \ \
 \\/  ___)| |_)| | | | | || (_| |  ) ) ) )
  '  |____| .__|_| |_|_| |_\__, | / / / /
 =========|_|==============|___/=/_/_/_/
 :: Spring Boot ::                (v3.2.1)

2026-01-26T02:41:36.695+09:00  INFO 8912 --- [trustee-backend] [           main] com.trustee.backend.BackendApplication   : Starting BackendApplication using Java 21.0.9 with PID 8912 (C:\ContinueProject\homepage-project\trustee-provider\backend\target\classes started by ez in C:\ContinueProject\homepage-project\trustee-provider\backend)
2026-01-26T02:41:36.698+09:00  INFO 8912 --- [trustee-backend] [           main] com.trustee.backend.BackendApplication   : No active profile set, falling back to 1 default profile: "default"
2026-01-26T02:41:37.160+09:00  INFO 8912 --- [trustee-backend] [           main] .s.d.r.c.RepositoryConfigurationDelegate : Bootstrapping Spring Data JPA repositories in DEFAULT mode.
2026-01-26T02:41:37.202+09:00  INFO 8912 --- [trustee-backend] [           main] .s.d.r.c.RepositoryConfigurationDelegate : Finished Spring Data repository scanning in 37 ms. Found 1 JPA repository interface.
2026-01-26T02:41:37.582+09:00  INFO 8912 --- [trustee-backend] [           main] o.s.b.w.embedded.tomcat.TomcatWebServer  : Tomcat initialized with port 8086 (http)
2026-01-26T02:41:37.590+09:00  INFO 8912 --- [trustee-backend] [           main] o.apache.catalina.core.StandardService   : Starting service [Tomcat]
2026-01-26T02:41:37.590+09:00  INFO 8912 --- [trustee-backend] [           main] o.apache.catalina.core.StandardEngine    : Starting Servlet engine: [Apache Tomcat/10.1.17]
2026-01-26T02:41:37.642+09:00  INFO 8912 --- [trustee-backend] [           main] o.a.c.c.C.[Tomcat].[localhost].[/]       : Initializing Spring embedded WebApplicationContext
2026-01-26T02:41:37.643+09:00  INFO 8912 --- [trustee-backend] [           main] w.s.c.ServletWebServerApplicationContext : Root WebApplicationContext: initialization completed in 901 ms
2026-01-26T02:41:37.664+09:00  INFO 8912 --- [trustee-backend] [           main] com.zaxxer.hikari.HikariDataSource       : HikariPool-1 - Starting...
2026-01-26T02:41:37.790+09:00  INFO 8912 --- [trustee-backend] [           main] com.zaxxer.hikari.pool.HikariPool        : HikariPool-1 - Added connection conn0: url=jdbc:h2:mem:authdb user=SA
2026-01-26T02:41:37.791+09:00  INFO 8912 --- [trustee-backend] [           main] com.zaxxer.hikari.HikariDataSource       : HikariPool-1 - Start completed.
2026-01-26T02:41:37.802+09:00  INFO 8912 --- [trustee-backend] [           main] o.s.b.a.h2.H2ConsoleAutoConfiguration    : H2 console available at '/h2-console'. Database available at 'jdbc:h2:mem:authdb'
2026-01-26T02:41:37.885+09:00  INFO 8912 --- [trustee-backend] [           main] o.hibernate.jpa.internal.util.LogHelper  : HHH000204: Processing PersistenceUnitInfo [name: default]
2026-01-26T02:41:37.920+09:00  INFO 8912 --- [trustee-backend] [           main] org.hibernate.Version                    : HHH000412: Hibernate ORM core version 6.4.1.Final
2026-01-26T02:41:37.938+09:00  INFO 8912 --- [trustee-backend] [           main] o.h.c.internal.RegionFactoryInitiator    : HHH000026: Second-level cache disabled
2026-01-26T02:41:38.086+09:00  INFO 8912 --- [trustee-backend] [           main] o.s.o.j.p.SpringPersistenceUnitInfo      : No LoadTimeWeaver setup: ignoring JPA class transformer
2026-01-26T02:41:38.663+09:00  INFO 8912 --- [trustee-backend] [           main] o.h.e.t.j.p.i.JtaPlatformInitiator       : HHH000489: No JTA platform available (set 'hibernate.transaction.jta.platform' to enable JTA platform integration)
Hibernate: create table auth_token (token_id uuid not null, client_data varchar(255), created_at timestamp(6), name varchar(255), otp varchar(255), status varchar(255) check (status in ('PENDING','COMPLETED','EXPIRED')), primary key (token_id))
2026-01-26T02:41:38.702+09:00  INFO 8912 --- [trustee-backend] [           main] j.LocalContainerEntityManagerFactoryBean : Initialized JPA EntityManagerFactory for persistence unit 'default'
2026-01-26T02:41:38.881+09:00  WARN 8912 --- [trustee-backend] [           main] JpaBaseConfiguration$JpaWebConfiguration : spring.jpa.open-in-view is enabled by default. Therefore, database queries may be performed during view rendering. Explicitly configure spring.jpa.open-in-view to disable this warning
2026-01-26T02:41:38.890+09:00  WARN 8912 --- [trustee-backend] [           main] .s.s.UserDetailsServiceAutoConfiguration : 

Using generated security password: 6e1f2c56-ec72-42b8-bd1a-811e071c9e57

This generated password is for development use only. Your security configuration must be updated before running your application in production.

2026-01-26T02:41:39.073+09:00  INFO 8912 --- [trustee-backend] [           main] o.s.s.web.DefaultSecurityFilterChain     : Will secure any request with [org.springframework.security.web.session.DisableEncodeUrlFilter@48ba37dc, org.springframework.security.web.context.request.async.WebAsyncManagerIntegrationFilter@322f84fd, org.springframework.security.web.context.SecurityContextHolderFilter@6920fa35, org.springframework.security.web.header.HeaderWriterFilter@6792f2c6, org.springframework.web.filter.CorsFilter@113cc14d, org.springframework.security.web.authentication.logout.LogoutFilter@28b7646, org.springframework.security.web.savedrequest.RequestCacheAwareFilter@3da30ce5, org.springframework.security.web.servletapi.SecurityContextHolderAwareRequestFilter@1e4b70c6, org.springframework.security.web.authentication.AnonymousAuthenticationFilter@10bcbbed, org.springframework.security.web.access.ExceptionTranslationFilter@3606eee9, org.springframework.security.web.access.intercept.AuthorizationFilter@78805df3]
2026-01-26T02:41:39.214+09:00  INFO 8912 --- [trustee-backend] [           main] o.s.b.w.embedded.tomcat.TomcatWebServer  : Tomcat started on port 8086 (http) with context path ''
2026-01-26T02:41:39.220+09:00  INFO 8912 --- [trustee-backend] [           main] com.trustee.backend.BackendApplication   : Started BackendApplication in 2.838 seconds (process running for 3.068)
