[INFO] Scanning for projects...
[INFO] 
[INFO] ------------------------< com.trustee:backend >-------------------------
[INFO] Building backend 0.0.1-SNAPSHOT
[INFO]   from pom.xml
[INFO] --------------------------------[ jar ]---------------------------------
[INFO] 
[INFO] >>> spring-boot:3.2.1:run (default-cli) > test-compile @ backend >>>
[INFO] 
[INFO] --- resources:3.3.1:resources (default-resources) @ backend ---
[INFO] Copying 1 resource from src\main\resources to target\classes
[INFO] Copying 1 resource from src\main\resources to target\classes
[INFO] 
[INFO] --- compiler:3.11.0:compile (default-compile) @ backend ---
[INFO] Nothing to compile - all classes are up to date
[INFO] 
[INFO] --- resources:3.3.1:testResources (default-testResources) @ backend ---
[INFO] skip non existing resourceDirectory C:\ContinueProject\homepage-project\trustee-provider\backend\src\test\resources
[INFO] 
[INFO] --- compiler:3.11.0:testCompile (default-testCompile) @ backend ---
[INFO] No sources to compile
[INFO] 
[INFO] <<< spring-boot:3.2.1:run (default-cli) < test-compile @ backend <<<
[INFO] 
[INFO] 
[INFO] --- spring-boot:3.2.1:run (default-cli) @ backend ---
[INFO] Attaching agents: []

  .   ____          _            __ _ _
 /\\ / ___'_ __ _ _(_)_ __  __ _ \ \ \ \
( ( )\___ | '_ | '_| | '_ \/ _` | \ \ \ \
 \\/  ___)| |_)| | | | | || (_| |  ) ) ) )
  '  |____| .__|_| |_|_| |_\__, | / / / /
 =========|_|==============|___/=/_/_/_/
 :: Spring Boot ::                (v3.2.1)

2026-01-27T12:43:22.248+09:00  INFO 30216 --- [trustee-backend] [           main] com.trustee.backend.BackendApplication   : Starting BackendApplication using Java 21.0.9 with PID 30216 (C:\ContinueProject\homepage-project\trustee-provider\backend\target\classes started by ez in C:\ContinueProject\homepage-project\trustee-provider\backend)
2026-01-27T12:43:22.251+09:00  INFO 30216 --- [trustee-backend] [           main] com.trustee.backend.BackendApplication   : No active profile set, falling back to 1 default profile: "default"
2026-01-27T12:43:22.705+09:00  INFO 30216 --- [trustee-backend] [           main] .s.d.r.c.RepositoryConfigurationDelegate : Bootstrapping Spring Data JPA repositories in DEFAULT mode.
2026-01-27T12:43:22.753+09:00  INFO 30216 --- [trustee-backend] [           main] .s.d.r.c.RepositoryConfigurationDelegate : Finished Spring Data repository scanning in 42 ms. Found 2 JPA repository interfaces.
2026-01-27T12:43:23.238+09:00  INFO 30216 --- [trustee-backend] [           main] o.s.b.w.embedded.tomcat.TomcatWebServer  : Tomcat initialized with port 8086 (http)
2026-01-27T12:43:23.253+09:00  INFO 30216 --- [trustee-backend] [           main] o.apache.catalina.core.StandardService   : Starting service [Tomcat]
2026-01-27T12:43:23.253+09:00  INFO 30216 --- [trustee-backend] [           main] o.apache.catalina.core.StandardEngine    : Starting Servlet engine: [Apache Tomcat/10.1.17]
2026-01-27T12:43:23.299+09:00  INFO 30216 --- [trustee-backend] [           main] o.a.c.c.C.[Tomcat].[localhost].[/]       : Initializing Spring embedded WebApplicationContext
2026-01-27T12:43:23.300+09:00  INFO 30216 --- [trustee-backend] [           main] w.s.c.ServletWebServerApplicationContext : Root WebApplicationContext: initialization completed in 1014 ms
2026-01-27T12:43:23.411+09:00  INFO 30216 --- [trustee-backend] [           main] o.hibernate.jpa.internal.util.LogHelper  : HHH000204: Processing PersistenceUnitInfo [name: default]
2026-01-27T12:43:23.460+09:00  INFO 30216 --- [trustee-backend] [           main] org.hibernate.Version                    : HHH000412: Hibernate ORM core version 6.4.1.Final
2026-01-27T12:43:23.486+09:00  INFO 30216 --- [trustee-backend] [           main] o.h.c.internal.RegionFactoryInitiator    : HHH000026: Second-level cache disabled
2026-01-27T12:43:23.657+09:00  INFO 30216 --- [trustee-backend] [           main] o.s.o.j.p.SpringPersistenceUnitInfo      : No LoadTimeWeaver setup: ignoring JPA class transformer
2026-01-27T12:43:23.675+09:00  INFO 30216 --- [trustee-backend] [           main] com.zaxxer.hikari.HikariDataSource       : HikariPool-1 - Starting...
2026-01-27T12:43:23.803+09:00  INFO 30216 --- [trustee-backend] [           main] com.zaxxer.hikari.pool.HikariPool        : HikariPool-1 - Added connection com.mysql.cj.jdbc.ConnectionImpl@4e4f4092
2026-01-27T12:43:23.804+09:00  INFO 30216 --- [trustee-backend] [           main] com.zaxxer.hikari.HikariDataSource       : HikariPool-1 - Start completed.
2026-01-27T12:43:24.499+09:00  INFO 30216 --- [trustee-backend] [           main] o.h.e.t.j.p.i.JtaPlatformInitiator       : HHH000489: No JTA platform available (set 'hibernate.transaction.jta.platform' to enable JTA platform integration)
Hibernate: create table auth_token (token_id binary(16) not null, carrier varchar(255), client_data varchar(255), created_at datetime(6), name varchar(255), otp varchar(255), status enum ('PENDING','COMPLETED','EXPIRED'), primary key (token_id)) engine=InnoDB
Hibernate: create table carrier_user (id bigint not null auto_increment, carrier varchar(255) not null, name varchar(255) not null, phone_number varchar(255) not null, primary key (id)) engine=InnoDB
Hibernate: alter table carrier_user drop index UK_n50xs1wdfuqy0xhtmj9rfu8r6
Hibernate: alter table carrier_user add constraint UK_n50xs1wdfuqy0xhtmj9rfu8r6 unique (phone_number)
2026-01-27T12:43:24.956+09:00  INFO 30216 --- [trustee-backend] [           main] j.LocalContainerEntityManagerFactoryBean : Initialized JPA EntityManagerFactory for persistence unit 'default'
2026-01-27T12:43:25.229+09:00  WARN 30216 --- [trustee-backend] [           main] JpaBaseConfiguration$JpaWebConfiguration : spring.jpa.open-in-view is enabled by default. Therefore, database queries may be performed during view rendering. Explicitly configure spring.jpa.open-in-view to disable this warning
2026-01-27T12:43:25.239+09:00  WARN 30216 --- [trustee-backend] [           main] .s.s.UserDetailsServiceAutoConfiguration : 

Using generated security password: 64575ea5-39f5-48e1-afb6-aba0c43ad742

This generated password is for development use only. Your security configuration must be updated before running your application in production.

2026-01-27T12:43:25.397+09:00  INFO 30216 --- [trustee-backend] [           main] o.s.s.web.DefaultSecurityFilterChain     : Will secure any request with [org.springframework.security.web.session.DisableEncodeUrlFilter@19b8f1bd, org.springframework.security.web.context.request.async.WebAsyncManagerIntegrationFilter@46a9c368, org.springframework.security.web.context.SecurityContextHolderFilter@63614cdd, org.springframework.security.web.header.HeaderWriterFilter@3ed87b6e, org.springframework.web.filter.CorsFilter@62fbefad, org.springframework.security.web.authentication.logout.LogoutFilter@6560f387, org.springframework.security.web.savedrequest.RequestCacheAwareFilter@7b9d602c, org.springframework.security.web.servletapi.SecurityContextHolderAwareRequestFilter@30a5a58d, org.springframework.security.web.authentication.AnonymousAuthenticationFilter@79f59e0e, org.springframework.security.web.access.ExceptionTranslationFilter@16eb93af, org.springframework.security.web.access.intercept.AuthorizationFilter@4f72078d]
2026-01-27T12:43:25.523+09:00  INFO 30216 --- [trustee-backend] [           main] o.s.b.w.embedded.tomcat.TomcatWebServer  : Tomcat started on port 8086 (http) with context path ''
2026-01-27T12:43:25.528+09:00  INFO 30216 --- [trustee-backend] [           main] com.trustee.backend.BackendApplication   : Started BackendApplication in 3.575 seconds (process running for 3.913)
Hibernate: select count(*) from carrier_user cu1_0
[TRUSTEE-DB] Initializing CarrierUser data...
Hibernate: insert into carrier_user (carrier,name,phone_number) values (?,?,?)
Hibernate: insert into carrier_user (carrier,name,phone_number) values (?,?,?)
Hibernate: insert into carrier_user (carrier,name,phone_number) values (?,?,?)
Hibernate: insert into carrier_user (carrier,name,phone_number) values (?,?,?)
Hibernate: insert into carrier_user (carrier,name,phone_number) values (?,?,?)
Hibernate: insert into carrier_user (carrier,name,phone_number) values (?,?,?)
Hibernate: insert into carrier_user (carrier,name,phone_number) values (?,?,?)
Hibernate: insert into carrier_user (carrier,name,phone_number) values (?,?,?)
Hibernate: insert into carrier_user (carrier,name,phone_number) values (?,?,?)
Hibernate: insert into carrier_user (carrier,name,phone_number) values (?,?,?)
[TRUSTEE-DB] 10 Mock Carrier Users inserted successfully.
