[INFO] Scanning for projects...
[INFO] 
[INFO] -----------------------< com.entrusting:backend >-----------------------
[INFO] Building backend 0.0.1-SNAPSHOT
[INFO]   from pom.xml
[INFO] --------------------------------[ jar ]---------------------------------
[INFO] 
[INFO] >>> spring-boot:3.2.1:run (default-cli) > test-compile @ backend >>>
[INFO] 
[INFO] --- resources:3.3.1:resources (default-resources) @ backend ---
[INFO] Copying 1 resource from src\main\resources to target\classes
[INFO] Copying 1 resource from src\main\resources to target\classes
[INFO] 
[INFO] --- compiler:3.11.0:compile (default-compile) @ backend ---
[INFO] Nothing to compile - all classes are up to date
[INFO] 
[INFO] --- resources:3.3.1:testResources (default-testResources) @ backend ---
[INFO] skip non existing resourceDirectory C:\ContinueProject\homepage-project\entrusting-client\backend\src\test\resources
[INFO] 
[INFO] --- compiler:3.11.0:testCompile (default-testCompile) @ backend ---
[INFO] No sources to compile
[INFO] 
[INFO] <<< spring-boot:3.2.1:run (default-cli) < test-compile @ backend <<<
[INFO] 
[INFO] 
[INFO] --- spring-boot:3.2.1:run (default-cli) @ backend ---
[INFO] Attaching agents: []

  .   ____          _            __ _ _
 /\\ / ___'_ __ _ _(_)_ __  __ _ \ \ \ \
( ( )\___ | '_ | '_| | '_ \/ _` | \ \ \ \
 \\/  ___)| |_)| | | | | || (_| |  ) ) ) )
  '  |____| .__|_| |_|_| |_\__, | / / / /
 =========|_|==============|___/=/_/_/_/
 :: Spring Boot ::                (v3.2.1)

2026-01-28T00:56:37.180+09:00  INFO 25968 --- [entrusting-backend] [           main] c.entrusting.backend.BackendApplication  : Starting BackendApplication using Java 21.0.9 with PID 25968 (C:\ContinueProject\homepage-project\entrusting-client\backend\target\classes started by ez in C:\ContinueProject\homepage-project\entrusting-client\backend)
2026-01-28T00:56:37.183+09:00  INFO 25968 --- [entrusting-backend] [           main] c.entrusting.backend.BackendApplication  : No active profile set, falling back to 1 default profile: "default"
2026-01-28T00:56:37.590+09:00  INFO 25968 --- [entrusting-backend] [           main] .s.d.r.c.RepositoryConfigurationDelegate : Bootstrapping Spring Data JPA repositories in DEFAULT mode.
2026-01-28T00:56:37.630+09:00  INFO 25968 --- [entrusting-backend] [           main] .s.d.r.c.RepositoryConfigurationDelegate : Finished Spring Data repository scanning in 34 ms. Found 3 JPA repository interfaces.
2026-01-28T00:56:38.006+09:00  INFO 25968 --- [entrusting-backend] [           main] o.s.b.w.embedded.tomcat.TomcatWebServer  : Tomcat initialized with port 8085 (http)
2026-01-28T00:56:38.017+09:00  INFO 25968 --- [entrusting-backend] [           main] o.apache.catalina.core.StandardService   : Starting service [Tomcat]
2026-01-28T00:56:38.017+09:00  INFO 25968 --- [entrusting-backend] [           main] o.apache.catalina.core.StandardEngine    : Starting Servlet engine: [Apache Tomcat/10.1.17]
2026-01-28T00:56:38.049+09:00  INFO 25968 --- [entrusting-backend] [           main] o.a.c.c.C.[Tomcat].[localhost].[/]       : Initializing Spring embedded WebApplicationContext
2026-01-28T00:56:38.050+09:00  INFO 25968 --- [entrusting-backend] [           main] w.s.c.ServletWebServerApplicationContext : Root WebApplicationContext: initialization completed in 829 ms
2026-01-28T00:56:38.135+09:00  INFO 25968 --- [entrusting-backend] [           main] o.hibernate.jpa.internal.util.LogHelper  : HHH000204: Processing PersistenceUnitInfo [name: default]
2026-01-28T00:56:38.162+09:00  INFO 25968 --- [entrusting-backend] [           main] org.hibernate.Version                    : HHH000412: Hibernate ORM core version 6.4.1.Final
2026-01-28T00:56:38.186+09:00  INFO 25968 --- [entrusting-backend] [           main] o.h.c.internal.RegionFactoryInitiator    : HHH000026: Second-level cache disabled
2026-01-28T00:56:38.325+09:00  INFO 25968 --- [entrusting-backend] [           main] o.s.o.j.p.SpringPersistenceUnitInfo      : No LoadTimeWeaver setup: ignoring JPA class transformer
2026-01-28T00:56:38.341+09:00  INFO 25968 --- [entrusting-backend] [           main] com.zaxxer.hikari.HikariDataSource       : HikariPool-1 - Starting...
2026-01-28T00:56:38.440+09:00  INFO 25968 --- [entrusting-backend] [           main] com.zaxxer.hikari.pool.HikariPool        : HikariPool-1 - Added connection com.mysql.cj.jdbc.ConnectionImpl@6c6928c
2026-01-28T00:56:38.441+09:00  INFO 25968 --- [entrusting-backend] [           main] com.zaxxer.hikari.HikariDataSource       : HikariPool-1 - Start completed.
2026-01-28T00:56:39.009+09:00  INFO 25968 --- [entrusting-backend] [           main] o.h.e.t.j.p.i.JtaPlatformInitiator       : HHH000489: No JTA platform available (set 'hibernate.transaction.jta.platform' to enable JTA platform integration)
2026-01-28T00:56:39.078+09:00  INFO 25968 --- [entrusting-backend] [           main] j.LocalContainerEntityManagerFactoryBean : Initialized JPA EntityManagerFactory for persistence unit 'default'
2026-01-28T00:56:39.283+09:00  INFO 25968 --- [entrusting-backend] [           main] o.s.d.j.r.query.QueryEnhancerFactory     : Hibernate is in classpath; If applicable, HQL parser will be used.
2026-01-28T00:56:39.585+09:00  WARN 25968 --- [entrusting-backend] [           main] JpaBaseConfiguration$JpaWebConfiguration : spring.jpa.open-in-view is enabled by default. Therefore, database queries may be performed during view rendering. Explicitly configure spring.jpa.open-in-view to disable this warning
2026-01-28T00:56:39.593+09:00  WARN 25968 --- [entrusting-backend] [           main] .s.s.UserDetailsServiceAutoConfiguration : 

Using generated security password: 7e175776-6134-40d8-9971-65e4104b1dbc

This generated password is for development use only. Your security configuration must be updated before running your application in production.

2026-01-28T00:56:39.737+09:00  INFO 25968 --- [entrusting-backend] [           main] o.s.s.web.DefaultSecurityFilterChain     : Will secure any request with [org.springframework.security.web.session.DisableEncodeUrlFilter@2ae25358, org.springframework.security.web.context.request.async.WebAsyncManagerIntegrationFilter@10bf2726, org.springframework.security.web.context.SecurityContextHolderFilter@1bb5dce0, org.springframework.security.web.header.HeaderWriterFilter@5f33123, org.springframework.web.filter.CorsFilter@bb78f01, org.springframework.security.web.authentication.logout.LogoutFilter@3c1133ad, org.springframework.security.web.savedrequest.RequestCacheAwareFilter@135a8812, org.springframework.security.web.servletapi.SecurityContextHolderAwareRequestFilter@54ebacdc, org.springframework.security.web.authentication.AnonymousAuthenticationFilter@1caf77f6, org.springframework.security.web.access.ExceptionTranslationFilter@42a5bdaf, org.springframework.security.web.access.intercept.AuthorizationFilter@2fd2a6a4]
2026-01-28T00:56:39.859+09:00  INFO 25968 --- [entrusting-backend] [           main] o.s.b.w.embedded.tomcat.TomcatWebServer  : Tomcat started on port 8085 (http) with context path ''
2026-01-28T00:56:39.863+09:00  INFO 25968 --- [entrusting-backend] [           main] c.entrusting.backend.BackendApplication  : Started BackendApplication in 2.978 seconds (process running for 3.221)
