[INFO] Scanning for projects...
[INFO] 
[INFO] ------------------------< com.trustee:backend >-------------------------
[INFO] Building backend 0.0.1-SNAPSHOT
[INFO]   from pom.xml
[INFO] --------------------------------[ jar ]---------------------------------
[INFO] 
[INFO] >>> spring-boot:3.2.1:run (default-cli) > test-compile @ backend >>>
[INFO] 
[INFO] --- resources:3.3.1:resources (default-resources) @ backend ---
[INFO] Copying 1 resource from src\main\resources to target\classes
[INFO] Copying 1 resource from src\main\resources to target\classes
[INFO] 
[INFO] --- compiler:3.11.0:compile (default-compile) @ backend ---
[INFO] Changes detected - recompiling the module! :source
[INFO] Compiling 22 source files with javac [debug release 17] to target\classes
[INFO] 
[INFO] --- resources:3.3.1:testResources (default-testResources) @ backend ---
[INFO] skip non existing resourceDirectory C:\ContinueProject\homepage-project\vpass-provider\backend\src\test\resources
[INFO] 
[INFO] --- compiler:3.11.0:testCompile (default-testCompile) @ backend ---
[INFO] No sources to compile
[INFO] 
[INFO] <<< spring-boot:3.2.1:run (default-cli) < test-compile @ backend <<<
[INFO] 
[INFO] 
[INFO] --- spring-boot:3.2.1:run (default-cli) @ backend ---
[INFO] Attaching agents: []

  .   ____          _            __ _ _
 /\\ / ___'_ __ _ _(_)_ __  __ _ \ \ \ \
( ( )\___ | '_ | '_| | '_ \/ _` | \ \ \ \
 \\/  ___)| |_)| | | | | || (_| |  ) ) ) )
  '  |____| .__|_| |_|_| |_\__, | / / / /
 =========|_|==============|___/=/_/_/_/
 :: Spring Boot ::                (v3.2.1)

2026-01-28T00:48:11.775+09:00  INFO 29024 --- [trustee-backend] [           main] com.trustee.backend.BackendApplication   : Starting BackendApplication using Java 21.0.9 with PID 29024 (C:\ContinueProject\homepage-project\vpass-provider\backend\target\classes started by ez in C:\ContinueProject\homepage-project\vpass-provider\backend)
2026-01-28T00:48:11.782+09:00  INFO 29024 --- [trustee-backend] [           main] com.trustee.backend.BackendApplication   : No active profile set, falling back to 1 default profile: "default"
2026-01-28T00:48:12.969+09:00  INFO 29024 --- [trustee-backend] [           main] .s.d.r.c.RepositoryConfigurationDelegate : Bootstrapping Spring Data JPA repositories in DEFAULT mode.
2026-01-28T00:48:13.049+09:00  INFO 29024 --- [trustee-backend] [           main] .s.d.r.c.RepositoryConfigurationDelegate : Finished Spring Data repository scanning in 72 ms. Found 2 JPA repository interfaces.
2026-01-28T00:48:13.937+09:00  INFO 29024 --- [trustee-backend] [           main] o.s.b.w.embedded.tomcat.TomcatWebServer  : Tomcat initialized with port 8088 (http)
2026-01-28T00:48:14.026+09:00  INFO 29024 --- [trustee-backend] [           main] o.apache.catalina.core.StandardService   : Starting service [Tomcat]
2026-01-28T00:48:14.026+09:00  INFO 29024 --- [trustee-backend] [           main] o.apache.catalina.core.StandardEngine    : Starting Servlet engine: [Apache Tomcat/10.1.17]
2026-01-28T00:48:14.157+09:00  INFO 29024 --- [trustee-backend] [           main] o.a.c.c.C.[Tomcat].[localhost].[/]       : Initializing Spring embedded WebApplicationContext
2026-01-28T00:48:14.159+09:00  INFO 29024 --- [trustee-backend] [           main] w.s.c.ServletWebServerApplicationContext : Root WebApplicationContext: initialization completed in 2267 ms
2026-01-28T00:48:14.394+09:00  INFO 29024 --- [trustee-backend] [           main] o.hibernate.jpa.internal.util.LogHelper  : HHH000204: Processing PersistenceUnitInfo [name: default]
2026-01-28T00:48:14.469+09:00  INFO 29024 --- [trustee-backend] [           main] org.hibernate.Version                    : HHH000412: Hibernate ORM core version 6.4.1.Final
2026-01-28T00:48:14.504+09:00  INFO 29024 --- [trustee-backend] [           main] o.h.c.internal.RegionFactoryInitiator    : HHH000026: Second-level cache disabled
2026-01-28T00:48:14.798+09:00  INFO 29024 --- [trustee-backend] [           main] o.s.o.j.p.SpringPersistenceUnitInfo      : No LoadTimeWeaver setup: ignoring JPA class transformer
2026-01-28T00:48:14.828+09:00  INFO 29024 --- [trustee-backend] [           main] com.zaxxer.hikari.HikariDataSource       : HikariPool-1 - Starting...
2026-01-28T00:48:14.994+09:00  INFO 29024 --- [trustee-backend] [           main] com.zaxxer.hikari.pool.HikariPool        : HikariPool-1 - Added connection com.mysql.cj.jdbc.ConnectionImpl@61a704d3
2026-01-28T00:48:14.996+09:00  INFO 29024 --- [trustee-backend] [           main] com.zaxxer.hikari.HikariDataSource       : HikariPool-1 - Start completed.
2026-01-28T00:48:15.876+09:00  INFO 29024 --- [trustee-backend] [           main] o.h.e.t.j.p.i.JtaPlatformInitiator       : HHH000489: No JTA platform available (set 'hibernate.transaction.jta.platform' to enable JTA platform integration)
2026-01-28T00:48:15.914+09:00  INFO 29024 --- [trustee-backend] [           main] j.LocalContainerEntityManagerFactoryBean : Initialized JPA EntityManagerFactory for persistence unit 'default'
2026-01-28T00:48:16.273+09:00  WARN 29024 --- [trustee-backend] [           main] JpaBaseConfiguration$JpaWebConfiguration : spring.jpa.open-in-view is enabled by default. Therefore, database queries may be performed during view rendering. Explicitly configure spring.jpa.open-in-view to disable this warning
2026-01-28T00:48:16.289+09:00  WARN 29024 --- [trustee-backend] [           main] .s.s.UserDetailsServiceAutoConfiguration : 

Using generated security password: 7a7c0005-5e30-4215-891d-92f11d16dd01

This generated password is for development use only. Your security configuration must be updated before running your application in production.

2026-01-28T00:48:16.452+09:00  INFO 29024 --- [trustee-backend] [           main] o.s.s.web.DefaultSecurityFilterChain     : Will secure any request with [org.springframework.security.web.session.DisableEncodeUrlFilter@ec1b776, org.springframework.security.web.context.request.async.WebAsyncManagerIntegrationFilter@2e3b4394, org.springframework.security.web.context.SecurityContextHolderFilter@351fadfa, org.springframework.security.web.header.HeaderWriterFilter@60256d1b, org.springframework.web.filter.CorsFilter@70ccb3bf, org.springframework.security.web.authentication.logout.LogoutFilter@3dabdd11, org.springframework.security.web.savedrequest.RequestCacheAwareFilter@26f07261, org.springframework.security.web.servletapi.SecurityContextHolderAwareRequestFilter@2b55ea4d, org.springframework.security.web.authentication.AnonymousAuthenticationFilter@10ffe32f, org.springframework.security.web.access.ExceptionTranslationFilter@4932d580, org.springframework.security.web.access.intercept.AuthorizationFilter@10660795]
2026-01-28T00:48:16.578+09:00  INFO 29024 --- [trustee-backend] [           main] o.s.b.w.embedded.tomcat.TomcatWebServer  : Tomcat started on port 8088 (http) with context path ''
2026-01-28T00:48:16.585+09:00  INFO 29024 --- [trustee-backend] [           main] com.trustee.backend.BackendApplication   : Started BackendApplication in 5.486 seconds (process running for 6.324)
Hibernate: select at1_0.token_id,at1_0.auth_request_id,at1_0.carrier,at1_0.ci,at1_0.client_data,at1_0.created_at,at1_0.name,at1_0.otp,at1_0.status from auth_token at1_0
Hibernate: select count(*) from carrier_user cu1_0
[TRUSTEE-DB] CarrierUser data already exists. Skipping initialization.
Hibernate: select at1_0.token_id,at1_0.auth_request_id,at1_0.carrier,at1_0.ci,at1_0.client_data,at1_0.created_at,at1_0.name,at1_0.otp,at1_0.status from auth_token at1_0
Hibernate: select at1_0.token_id,at1_0.auth_request_id,at1_0.carrier,at1_0.ci,at1_0.client_data,at1_0.created_at,at1_0.name,at1_0.otp,at1_0.status from auth_token at1_0
Hibernate: select at1_0.token_id,at1_0.auth_request_id,at1_0.carrier,at1_0.ci,at1_0.client_data,at1_0.created_at,at1_0.name,at1_0.otp,at1_0.status from auth_token at1_0
Hibernate: select at1_0.token_id,at1_0.auth_request_id,at1_0.carrier,at1_0.ci,at1_0.client_data,at1_0.created_at,at1_0.name,at1_0.otp,at1_0.status from auth_token at1_0
[TRUSTEE-TTL] Deleting 1 expired auth sessions.
Hibernate: delete from auth_token where token_id=?
Hibernate: select at1_0.token_id,at1_0.auth_request_id,at1_0.carrier,at1_0.ci,at1_0.client_data,at1_0.created_at,at1_0.name,at1_0.otp,at1_0.status from auth_token at1_0
Hibernate: select at1_0.token_id,at1_0.auth_request_id,at1_0.carrier,at1_0.ci,at1_0.client_data,at1_0.created_at,at1_0.name,at1_0.otp,at1_0.status from auth_token at1_0
