[INFO] Scanning for projects...
[INFO] 
[INFO] ------------------------< com.trustee:backend >-------------------------
[INFO] Building backend 0.0.1-SNAPSHOT
[INFO]   from pom.xml
[INFO] --------------------------------[ jar ]---------------------------------
[INFO] 
[INFO] >>> spring-boot:3.2.1:run (default-cli) > test-compile @ backend >>>
[INFO] 
[INFO] --- resources:3.3.1:resources (default-resources) @ backend ---
[INFO] Copying 1 resource from src\main\resources to target\classes
[INFO] Copying 1 resource from src\main\resources to target\classes
[INFO] 
[INFO] --- compiler:3.11.0:compile (default-compile) @ backend ---
[INFO] Nothing to compile - all classes are up to date
[INFO] 
[INFO] --- resources:3.3.1:testResources (default-testResources) @ backend ---
[INFO] skip non existing resourceDirectory C:\ContinueProject\homepage-project\trustee-provider\backend\src\test\resources
[INFO] 
[INFO] --- compiler:3.11.0:testCompile (default-testCompile) @ backend ---
[INFO] No sources to compile
[INFO] 
[INFO] <<< spring-boot:3.2.1:run (default-cli) < test-compile @ backend <<<
[INFO] 
[INFO] 
[INFO] --- spring-boot:3.2.1:run (default-cli) @ backend ---
[INFO] Attaching agents: []

  .   ____          _            __ _ _
 /\\ / ___'_ __ _ _(_)_ __  __ _ \ \ \ \
( ( )\___ | '_ | '_| | '_ \/ _` | \ \ \ \
 \\/  ___)| |_)| | | | | || (_| |  ) ) ) )
  '  |____| .__|_| |_|_| |_\__, | / / / /
 =========|_|==============|___/=/_/_/_/
 :: Spring Boot ::                (v3.2.1)

2026-01-27T12:45:43.705+09:00  INFO 30440 --- [trustee-backend] [           main] com.trustee.backend.BackendApplication   : Starting BackendApplication using Java 21.0.9 with PID 30440 (C:\ContinueProject\homepage-project\trustee-provider\backend\target\classes started by ez in C:\ContinueProject\homepage-project\trustee-provider\backend)
2026-01-27T12:45:43.707+09:00  INFO 30440 --- [trustee-backend] [           main] com.trustee.backend.BackendApplication   : No active profile set, falling back to 1 default profile: "default"
2026-01-27T12:45:44.130+09:00  INFO 30440 --- [trustee-backend] [           main] .s.d.r.c.RepositoryConfigurationDelegate : Bootstrapping Spring Data JPA repositories in DEFAULT mode.
2026-01-27T12:45:44.170+09:00  INFO 30440 --- [trustee-backend] [           main] .s.d.r.c.RepositoryConfigurationDelegate : Finished Spring Data repository scanning in 35 ms. Found 2 JPA repository interfaces.
2026-01-27T12:45:44.657+09:00  INFO 30440 --- [trustee-backend] [           main] o.s.b.w.embedded.tomcat.TomcatWebServer  : Tomcat initialized with port 8088 (http)
2026-01-27T12:45:44.672+09:00  INFO 30440 --- [trustee-backend] [           main] o.apache.catalina.core.StandardService   : Starting service [Tomcat]
2026-01-27T12:45:44.672+09:00  INFO 30440 --- [trustee-backend] [           main] o.apache.catalina.core.StandardEngine    : Starting Servlet engine: [Apache Tomcat/10.1.17]
2026-01-27T12:45:44.738+09:00  INFO 30440 --- [trustee-backend] [           main] o.a.c.c.C.[Tomcat].[localhost].[/]       : Initializing Spring embedded WebApplicationContext
2026-01-27T12:45:44.739+09:00  INFO 30440 --- [trustee-backend] [           main] w.s.c.ServletWebServerApplicationContext : Root WebApplicationContext: initialization completed in 996 ms
2026-01-27T12:45:44.894+09:00  INFO 30440 --- [trustee-backend] [           main] o.hibernate.jpa.internal.util.LogHelper  : HHH000204: Processing PersistenceUnitInfo [name: default]
2026-01-27T12:45:44.967+09:00  INFO 30440 --- [trustee-backend] [           main] org.hibernate.Version                    : HHH000412: Hibernate ORM core version 6.4.1.Final
2026-01-27T12:45:45.013+09:00  INFO 30440 --- [trustee-backend] [           main] o.h.c.internal.RegionFactoryInitiator    : HHH000026: Second-level cache disabled
2026-01-27T12:45:45.387+09:00  INFO 30440 --- [trustee-backend] [           main] o.s.o.j.p.SpringPersistenceUnitInfo      : No LoadTimeWeaver setup: ignoring JPA class transformer
2026-01-27T12:45:45.439+09:00  INFO 30440 --- [trustee-backend] [           main] com.zaxxer.hikari.HikariDataSource       : HikariPool-1 - Starting...
2026-01-27T12:45:45.725+09:00  INFO 30440 --- [trustee-backend] [           main] com.zaxxer.hikari.pool.HikariPool        : HikariPool-1 - Added connection com.mysql.cj.jdbc.ConnectionImpl@3b96f8b0
2026-01-27T12:45:45.727+09:00  INFO 30440 --- [trustee-backend] [           main] com.zaxxer.hikari.HikariDataSource       : HikariPool-1 - Start completed.
2026-01-27T12:45:46.911+09:00  INFO 30440 --- [trustee-backend] [           main] o.h.e.t.j.p.i.JtaPlatformInitiator       : HHH000489: No JTA platform available (set 'hibernate.transaction.jta.platform' to enable JTA platform integration)
2026-01-27T12:45:46.959+09:00  INFO 30440 --- [trustee-backend] [           main] j.LocalContainerEntityManagerFactoryBean : Initialized JPA EntityManagerFactory for persistence unit 'default'
2026-01-27T12:45:47.329+09:00  WARN 30440 --- [trustee-backend] [           main] JpaBaseConfiguration$JpaWebConfiguration : spring.jpa.open-in-view is enabled by default. Therefore, database queries may be performed during view rendering. Explicitly configure spring.jpa.open-in-view to disable this warning
2026-01-27T12:45:47.345+09:00  WARN 30440 --- [trustee-backend] [           main] .s.s.UserDetailsServiceAutoConfiguration : 

Using generated security password: 1e637c18-431c-41a5-ae44-8558d5684ddb

This generated password is for development use only. Your security configuration must be updated before running your application in production.

2026-01-27T12:45:47.549+09:00  INFO 30440 --- [trustee-backend] [           main] o.s.s.web.DefaultSecurityFilterChain     : Will secure any request with [org.springframework.security.web.session.DisableEncodeUrlFilter@4adc3951, org.springframework.security.web.context.request.async.WebAsyncManagerIntegrationFilter@52b49891, org.springframework.security.web.context.SecurityContextHolderFilter@3fb4beb1, org.springframework.security.web.header.HeaderWriterFilter@2b441609, org.springframework.web.filter.CorsFilter@75973f7a, org.springframework.security.web.authentication.logout.LogoutFilter@1e9f48d4, org.springframework.security.web.savedrequest.RequestCacheAwareFilter@2b5a04b0, org.springframework.security.web.servletapi.SecurityContextHolderAwareRequestFilter@41a3c6f5, org.springframework.security.web.authentication.AnonymousAuthenticationFilter@7940b729, org.springframework.security.web.access.ExceptionTranslationFilter@118f2486, org.springframework.security.web.access.intercept.AuthorizationFilter@2e76d0d3]
2026-01-27T12:45:47.723+09:00  INFO 30440 --- [trustee-backend] [           main] o.s.b.w.embedded.tomcat.TomcatWebServer  : Tomcat started on port 8088 (http) with context path ''
2026-01-27T12:45:47.731+09:00  INFO 30440 --- [trustee-backend] [           main] com.trustee.backend.BackendApplication   : Started BackendApplication in 4.275 seconds (process running for 4.513)
Hibernate: select count(*) from carrier_user cu1_0
[TRUSTEE-DB] CarrierUser data already exists. Skipping initialization.
