[INFO] Scanning for projects...
[INFO] 
[INFO] ------------------------< com.trustee:backend >-------------------------
[INFO] Building backend 0.0.1-SNAPSHOT
[INFO]   from pom.xml
[INFO] --------------------------------[ jar ]---------------------------------
[INFO] 
[INFO] >>> spring-boot:3.2.1:run (default-cli) > test-compile @ backend >>>
[INFO] 
[INFO] --- resources:3.3.1:resources (default-resources) @ backend ---
[INFO] Copying 1 resource from src\main\resources to target\classes
[INFO] Copying 1 resource from src\main\resources to target\classes
[INFO] 
[INFO] --- compiler:3.11.0:compile (default-compile) @ backend ---
[INFO] Nothing to compile - all classes are up to date
[INFO] 
[INFO] --- resources:3.3.1:testResources (default-testResources) @ backend ---
[INFO] skip non existing resourceDirectory C:\ContinueProject\homepage-project\trustee-provider\backend\src\test\resources
[INFO] 
[INFO] --- compiler:3.11.0:testCompile (default-testCompile) @ backend ---
[INFO] No sources to compile
[INFO] 
[INFO] <<< spring-boot:3.2.1:run (default-cli) < test-compile @ backend <<<
[INFO] 
[INFO] 
[INFO] --- spring-boot:3.2.1:run (default-cli) @ backend ---
[INFO] Attaching agents: []

  .   ____          _            __ _ _
 /\\ / ___'_ __ _ _(_)_ __  __ _ \ \ \ \
( ( )\___ | '_ | '_| | '_ \/ _` | \ \ \ \
 \\/  ___)| |_)| | | | | || (_| |  ) ) ) )
  '  |____| .__|_| |_|_| |_\__, | / / / /
 =========|_|==============|___/=/_/_/_/
 :: Spring Boot ::                (v3.2.1)

2026-01-27T12:52:25.101+09:00  INFO 33956 --- [trustee-backend] [           main] com.trustee.backend.BackendApplication   : Starting BackendApplication using Java 21.0.9 with PID 33956 (C:\ContinueProject\homepage-project\trustee-provider\backend\target\classes started by ez in C:\ContinueProject\homepage-project\trustee-provider\backend)
2026-01-27T12:52:25.103+09:00  INFO 33956 --- [trustee-backend] [           main] com.trustee.backend.BackendApplication   : No active profile set, falling back to 1 default profile: "default"
2026-01-27T12:52:25.574+09:00  INFO 33956 --- [trustee-backend] [           main] .s.d.r.c.RepositoryConfigurationDelegate : Bootstrapping Spring Data JPA repositories in DEFAULT mode.
2026-01-27T12:52:25.612+09:00  INFO 33956 --- [trustee-backend] [           main] .s.d.r.c.RepositoryConfigurationDelegate : Finished Spring Data repository scanning in 32 ms. Found 2 JPA repository interfaces.
2026-01-27T12:52:25.945+09:00  INFO 33956 --- [trustee-backend] [           main] o.s.b.w.embedded.tomcat.TomcatWebServer  : Tomcat initialized with port 8088 (http)
2026-01-27T12:52:25.952+09:00  INFO 33956 --- [trustee-backend] [           main] o.apache.catalina.core.StandardService   : Starting service [Tomcat]
2026-01-27T12:52:25.952+09:00  INFO 33956 --- [trustee-backend] [           main] o.apache.catalina.core.StandardEngine    : Starting Servlet engine: [Apache Tomcat/10.1.17]
2026-01-27T12:52:25.988+09:00  INFO 33956 --- [trustee-backend] [           main] o.a.c.c.C.[Tomcat].[localhost].[/]       : Initializing Spring embedded WebApplicationContext
2026-01-27T12:52:25.989+09:00  INFO 33956 --- [trustee-backend] [           main] w.s.c.ServletWebServerApplicationContext : Root WebApplicationContext: initialization completed in 829 ms
2026-01-27T12:52:26.089+09:00  INFO 33956 --- [trustee-backend] [           main] o.hibernate.jpa.internal.util.LogHelper  : HHH000204: Processing PersistenceUnitInfo [name: default]
2026-01-27T12:52:26.120+09:00  INFO 33956 --- [trustee-backend] [           main] org.hibernate.Version                    : HHH000412: Hibernate ORM core version 6.4.1.Final
2026-01-27T12:52:26.137+09:00  INFO 33956 --- [trustee-backend] [           main] o.h.c.internal.RegionFactoryInitiator    : HHH000026: Second-level cache disabled
2026-01-27T12:52:26.283+09:00  INFO 33956 --- [trustee-backend] [           main] o.s.o.j.p.SpringPersistenceUnitInfo      : No LoadTimeWeaver setup: ignoring JPA class transformer
2026-01-27T12:52:26.298+09:00  INFO 33956 --- [trustee-backend] [           main] com.zaxxer.hikari.HikariDataSource       : HikariPool-1 - Starting...
2026-01-27T12:52:26.409+09:00  INFO 33956 --- [trustee-backend] [           main] com.zaxxer.hikari.pool.HikariPool        : HikariPool-1 - Added connection com.mysql.cj.jdbc.ConnectionImpl@1fc0d9b4
2026-01-27T12:52:26.409+09:00  INFO 33956 --- [trustee-backend] [           main] com.zaxxer.hikari.HikariDataSource       : HikariPool-1 - Start completed.
2026-01-27T12:52:26.987+09:00  INFO 33956 --- [trustee-backend] [           main] o.h.e.t.j.p.i.JtaPlatformInitiator       : HHH000489: No JTA platform available (set 'hibernate.transaction.jta.platform' to enable JTA platform integration)
2026-01-27T12:52:27.028+09:00  INFO 33956 --- [trustee-backend] [           main] j.LocalContainerEntityManagerFactoryBean : Initialized JPA EntityManagerFactory for persistence unit 'default'
2026-01-27T12:52:27.257+09:00  WARN 33956 --- [trustee-backend] [           main] JpaBaseConfiguration$JpaWebConfiguration : spring.jpa.open-in-view is enabled by default. Therefore, database queries may be performed during view rendering. Explicitly configure spring.jpa.open-in-view to disable this warning
2026-01-27T12:52:27.265+09:00  WARN 33956 --- [trustee-backend] [           main] .s.s.UserDetailsServiceAutoConfiguration : 

Using generated security password: 69cb587f-4d40-4ac6-a6e8-31eb11d18ba5

This generated password is for development use only. Your security configuration must be updated before running your application in production.

2026-01-27T12:52:27.435+09:00  INFO 33956 --- [trustee-backend] [           main] o.s.s.web.DefaultSecurityFilterChain     : Will secure any request with [org.springframework.security.web.session.DisableEncodeUrlFilter@24fb752f, org.springframework.security.web.context.request.async.WebAsyncManagerIntegrationFilter@68dbe225, org.springframework.security.web.context.SecurityContextHolderFilter@37c762aa, org.springframework.security.web.header.HeaderWriterFilter@2b5a04b0, org.springframework.web.filter.CorsFilter@145ef9e8, org.springframework.security.web.authentication.logout.LogoutFilter@2dfab167, org.springframework.security.web.savedrequest.RequestCacheAwareFilter@13087c75, org.springframework.security.web.servletapi.SecurityContextHolderAwareRequestFilter@da4c5cb, org.springframework.security.web.authentication.AnonymousAuthenticationFilter@2e667e95, org.springframework.security.web.access.ExceptionTranslationFilter@3fb4beb1, org.springframework.security.web.access.intercept.AuthorizationFilter@75973f7a]
2026-01-27T12:52:27.567+09:00  WARN 33956 --- [trustee-backend] [           main] ConfigServletWebServerApplicationContext : Exception encountered during context initialization - cancelling refresh attempt: org.springframework.context.ApplicationContextException: Failed to start bean 'webServerStartStop'
2026-01-27T12:52:27.568+09:00  INFO 33956 --- [trustee-backend] [           main] j.LocalContainerEntityManagerFactoryBean : Closing JPA EntityManagerFactory for persistence unit 'default'
2026-01-27T12:52:27.569+09:00  INFO 33956 --- [trustee-backend] [           main] com.zaxxer.hikari.HikariDataSource       : HikariPool-1 - Shutdown initiated...
2026-01-27T12:52:27.575+09:00  INFO 33956 --- [trustee-backend] [           main] com.zaxxer.hikari.HikariDataSource       : HikariPool-1 - Shutdown completed.
2026-01-27T12:52:27.582+09:00  INFO 33956 --- [trustee-backend] [           main] .s.b.a.l.ConditionEvaluationReportLogger : 

Error starting ApplicationContext. To display the condition evaluation report re-run your application with 'debug' enabled.
2026-01-27T12:52:27.592+09:00 ERROR 33956 --- [trustee-backend] [           main] o.s.b.d.LoggingFailureAnalysisReporter   : 

***************************
APPLICATION FAILED TO START
***************************

Description:

Web server failed to start. Port 8088 was already in use.

Action:

Identify and stop the process that's listening on port 8088 or configure this application to listen on another port.

[INFO] ------------------------------------------------------------------------
[INFO] BUILD FAILURE
[INFO] ------------------------------------------------------------------------
[INFO] Total time:  4.954 s
[INFO] Finished at: 2026-01-27T12:52:27+09:00
[INFO] ------------------------------------------------------------------------
[ERROR] Failed to execute goal org.springframework.boot:spring-boot-maven-plugin:3.2.1:run (default-cli) on project backend: Process terminated with exit code: 1 -> [Help 1]
[ERROR] 
[ERROR] To see the full stack trace of the errors, re-run Maven with the -e switch.
[ERROR] Re-run Maven using the -X switch to enable full debug logging.
[ERROR] 
[ERROR] For more information about the errors and possible solutions, please read the following articles:
[ERROR] [Help 1] http://cwiki.apache.org/confluence/display/MAVEN/MojoExecutionException
