2026-01-30T00:13:58.637+09:00  INFO 28596 --- [entrusting-backend] [main] c.entrusting.backend.BackendApplication  : Starting BackendApplication using Java 21.0.9 with PID 28596 (C:\ContinueProject\homepage-project\entrusting-client\backend\target\backend-0.0.1-SNAPSHOT.jar started by ez in C:\ContinueProject\homepage-project\entrusting-client\backend)
2026-01-30T00:13:58.655+09:00 DEBUG 28596 --- [entrusting-backend] [main] c.entrusting.backend.BackendApplication  : Running with Spring Boot v3.2.1, Spring v6.1.2
2026-01-30T00:13:58.657+09:00  INFO 28596 --- [entrusting-backend] [main] c.entrusting.backend.BackendApplication  : No active profile set, falling back to 1 default profile: "default"
2026-01-30T00:14:00.383+09:00  INFO 28596 --- [entrusting-backend] [main] .s.d.r.c.RepositoryConfigurationDelegate : Bootstrapping Spring Data JPA repositories in DEFAULT mode.
2026-01-30T00:14:00.552+09:00  INFO 28596 --- [entrusting-backend] [main] .s.d.r.c.RepositoryConfigurationDelegate : Finished Spring Data repository scanning in 142 ms. Found 4 JPA repository interfaces.
2026-01-30T00:14:02.498+09:00  INFO 28596 --- [entrusting-backend] [main] o.s.b.w.embedded.tomcat.TomcatWebServer  : Tomcat initialized with port 8085 (http)
2026-01-30T00:14:02.560+09:00  INFO 28596 --- [entrusting-backend] [main] o.apache.catalina.core.StandardService   : Starting service [Tomcat]
2026-01-30T00:14:02.569+09:00  INFO 28596 --- [entrusting-backend] [main] o.apache.catalina.core.StandardEngine    : Starting Servlet engine: [Apache Tomcat/10.1.17]
2026-01-30T00:14:02.703+09:00  INFO 28596 --- [entrusting-backend] [main] o.a.c.c.C.[Tomcat].[localhost].[/]       : Initializing Spring embedded WebApplicationContext
2026-01-30T00:14:02.704+09:00  INFO 28596 --- [entrusting-backend] [main] w.s.c.ServletWebServerApplicationContext : Root WebApplicationContext: initialization completed in 3917 ms
2026-01-30T00:14:03.331+09:00  INFO 28596 --- [entrusting-backend] [main] o.hibernate.jpa.internal.util.LogHelper  : HHH000204: Processing PersistenceUnitInfo [name: default]
2026-01-30T00:14:03.530+09:00  INFO 28596 --- [entrusting-backend] [main] org.hibernate.Version                    : HHH000412: Hibernate ORM core version 6.4.1.Final
2026-01-30T00:14:03.639+09:00  INFO 28596 --- [entrusting-backend] [main] o.h.c.internal.RegionFactoryInitiator    : HHH000026: Second-level cache disabled
2026-01-30T00:14:04.394+09:00  INFO 28596 --- [entrusting-backend] [main] o.s.o.j.p.SpringPersistenceUnitInfo      : No LoadTimeWeaver setup: ignoring JPA class transformer
2026-01-30T00:14:04.496+09:00  INFO 28596 --- [entrusting-backend] [main] com.zaxxer.hikari.HikariDataSource       : HikariPool-1 - Starting...
2026-01-30T00:14:05.063+09:00  INFO 28596 --- [entrusting-backend] [main] com.zaxxer.hikari.pool.HikariPool        : HikariPool-1 - Added connection com.mysql.cj.jdbc.ConnectionImpl@78318ac2
2026-01-30T00:14:05.068+09:00  INFO 28596 --- [entrusting-backend] [main] com.zaxxer.hikari.HikariDataSource       : HikariPool-1 - Start completed.
2026-01-30T00:14:05.271+09:00  WARN 28596 --- [entrusting-backend] [main] org.hibernate.orm.deprecation            : HHH90000025: MySQLDialect does not need to be specified explicitly using 'hibernate.dialect' (remove the property setting and it will be selected by default)
2026-01-30T00:14:07.349+09:00  INFO 28596 --- [entrusting-backend] [main] o.h.e.t.j.p.i.JtaPlatformInitiator       : HHH000489: No JTA platform available (set 'hibernate.transaction.jta.platform' to enable JTA platform integration)
2026-01-30T00:14:07.789+09:00  INFO 28596 --- [entrusting-backend] [main] j.LocalContainerEntityManagerFactoryBean : Initialized JPA EntityManagerFactory for persistence unit 'default'
2026-01-30T00:14:09.048+09:00  INFO 28596 --- [entrusting-backend] [main] o.s.d.j.r.query.QueryEnhancerFactory     : Hibernate is in classpath; If applicable, HQL parser will be used.
2026-01-30T00:14:10.269+09:00  WARN 28596 --- [entrusting-backend] [main] JpaBaseConfiguration$JpaWebConfiguration : spring.jpa.open-in-view is enabled by default. Therefore, database queries may be performed during view rendering. Explicitly configure spring.jpa.open-in-view to disable this warning
2026-01-30T00:14:10.310+09:00  WARN 28596 --- [entrusting-backend] [main] .s.s.UserDetailsServiceAutoConfiguration : 

Using generated security password: 9d47935f-0f7a-415a-97f8-ea03e6c29c42

This generated password is for development use only. Your security configuration must be updated before running your application in production.

2026-01-30T00:14:10.951+09:00  INFO 28596 --- [entrusting-backend] [main] o.s.s.web.DefaultSecurityFilterChain     : Will secure any request with [org.springframework.security.web.session.DisableEncodeUrlFilter@38ad8c75, org.springframework.security.web.context.request.async.WebAsyncManagerIntegrationFilter@22a10b71, org.springframework.security.web.context.SecurityContextHolderFilter@5c863996, org.springframework.security.web.header.HeaderWriterFilter@309e874, org.springframework.web.filter.CorsFilter@d67f6f, org.springframework.security.web.authentication.logout.LogoutFilter@39b752f4, org.springframework.security.web.savedrequest.RequestCacheAwareFilter@46763680, org.springframework.security.web.servletapi.SecurityContextHolderAwareRequestFilter@6b0796d4, org.springframework.security.web.authentication.AnonymousAuthenticationFilter@4fc28b23, org.springframework.security.web.access.ExceptionTranslationFilter@68f9a4f4, org.springframework.security.web.access.intercept.AuthorizationFilter@f62ae87]
2026-01-30T00:14:11.468+09:00  INFO 28596 --- [entrusting-backend] [main] o.s.b.w.embedded.tomcat.TomcatWebServer  : Tomcat started on port 8085 (http) with context path ''
2026-01-30T00:14:11.525+09:00  INFO 28596 --- [entrusting-backend] [main] c.entrusting.backend.BackendApplication  : Started BackendApplication in 14.003 seconds (process running for 15.258)
2026-01-30T00:18:03.007+09:00  INFO 28596 --- [entrusting-backend] [http-nio-8085-exec-3] o.a.c.c.C.[Tomcat].[localhost].[/]       : Initializing Spring DispatcherServlet 'dispatcherServlet'
2026-01-30T00:18:03.007+09:00  INFO 28596 --- [entrusting-backend] [http-nio-8085-exec-3] o.s.web.servlet.DispatcherServlet        : Initializing Servlet 'dispatcherServlet'
2026-01-30T00:18:03.008+09:00  INFO 28596 --- [entrusting-backend] [http-nio-8085-exec-3] o.s.web.servlet.DispatcherServlet        : Completed initialization in 1 ms
2026-01-30T01:01:08.533+09:00  INFO 34940 --- [entrusting-backend] [main] c.entrusting.backend.BackendApplication  : Starting BackendApplication using Java 21.0.9 with PID 34940 (C:\ContinueProject\homepage-project\entrusting-client\backend\target\backend-0.0.1-SNAPSHOT.jar started by ez in C:\ContinueProject\homepage-project\entrusting-client\backend)
2026-01-30T01:01:08.537+09:00 DEBUG 34940 --- [entrusting-backend] [main] c.entrusting.backend.BackendApplication  : Running with Spring Boot v3.2.1, Spring v6.1.2
2026-01-30T01:01:08.539+09:00  INFO 34940 --- [entrusting-backend] [main] c.entrusting.backend.BackendApplication  : No active profile set, falling back to 1 default profile: "default"
2026-01-30T01:01:10.398+09:00  INFO 34940 --- [entrusting-backend] [main] .s.d.r.c.RepositoryConfigurationDelegate : Bootstrapping Spring Data JPA repositories in DEFAULT mode.
2026-01-30T01:01:10.580+09:00  INFO 34940 --- [entrusting-backend] [main] .s.d.r.c.RepositoryConfigurationDelegate : Finished Spring Data repository scanning in 156 ms. Found 4 JPA repository interfaces.
2026-01-30T01:01:12.319+09:00  INFO 34940 --- [entrusting-backend] [main] o.s.b.w.embedded.tomcat.TomcatWebServer  : Tomcat initialized with port 8085 (http)
2026-01-30T01:01:12.347+09:00  INFO 34940 --- [entrusting-backend] [main] o.apache.catalina.core.StandardService   : Starting service [Tomcat]
2026-01-30T01:01:12.348+09:00  INFO 34940 --- [entrusting-backend] [main] o.apache.catalina.core.StandardEngine    : Starting Servlet engine: [Apache Tomcat/10.1.17]
2026-01-30T01:01:12.436+09:00  INFO 34940 --- [entrusting-backend] [main] o.a.c.c.C.[Tomcat].[localhost].[/]       : Initializing Spring embedded WebApplicationContext
2026-01-30T01:01:12.437+09:00  INFO 34940 --- [entrusting-backend] [main] w.s.c.ServletWebServerApplicationContext : Root WebApplicationContext: initialization completed in 3745 ms
2026-01-30T01:01:12.900+09:00  INFO 34940 --- [entrusting-backend] [main] o.hibernate.jpa.internal.util.LogHelper  : HHH000204: Processing PersistenceUnitInfo [name: default]
2026-01-30T01:01:13.069+09:00  INFO 34940 --- [entrusting-backend] [main] org.hibernate.Version                    : HHH000412: Hibernate ORM core version 6.4.1.Final
2026-01-30T01:01:13.157+09:00  INFO 34940 --- [entrusting-backend] [main] o.h.c.internal.RegionFactoryInitiator    : HHH000026: Second-level cache disabled
2026-01-30T01:01:13.842+09:00  INFO 34940 --- [entrusting-backend] [main] o.s.o.j.p.SpringPersistenceUnitInfo      : No LoadTimeWeaver setup: ignoring JPA class transformer
2026-01-30T01:01:13.927+09:00  INFO 34940 --- [entrusting-backend] [main] com.zaxxer.hikari.HikariDataSource       : HikariPool-1 - Starting...
2026-01-30T01:01:14.448+09:00  INFO 34940 --- [entrusting-backend] [main] com.zaxxer.hikari.pool.HikariPool        : HikariPool-1 - Added connection com.mysql.cj.jdbc.ConnectionImpl@4fd7b79
2026-01-30T01:01:14.453+09:00  INFO 34940 --- [entrusting-backend] [main] com.zaxxer.hikari.HikariDataSource       : HikariPool-1 - Start completed.
2026-01-30T01:01:14.757+09:00  WARN 34940 --- [entrusting-backend] [main] org.hibernate.orm.deprecation            : HHH90000025: MySQLDialect does not need to be specified explicitly using 'hibernate.dialect' (remove the property setting and it will be selected by default)
2026-01-30T01:01:19.518+09:00  INFO 34940 --- [entrusting-backend] [main] o.h.e.t.j.p.i.JtaPlatformInitiator       : HHH000489: No JTA platform available (set 'hibernate.transaction.jta.platform' to enable JTA platform integration)
2026-01-30T01:01:20.151+09:00  INFO 34940 --- [entrusting-backend] [main] j.LocalContainerEntityManagerFactoryBean : Initialized JPA EntityManagerFactory for persistence unit 'default'
2026-01-30T01:01:21.225+09:00  INFO 34940 --- [entrusting-backend] [main] o.s.d.j.r.query.QueryEnhancerFactory     : Hibernate is in classpath; If applicable, HQL parser will be used.
2026-01-30T01:01:22.572+09:00  WARN 34940 --- [entrusting-backend] [main] JpaBaseConfiguration$JpaWebConfiguration : spring.jpa.open-in-view is enabled by default. Therefore, database queries may be performed during view rendering. Explicitly configure spring.jpa.open-in-view to disable this warning
2026-01-30T01:01:22.613+09:00  WARN 34940 --- [entrusting-backend] [main] .s.s.UserDetailsServiceAutoConfiguration : 

Using generated security password: c252791f-c01a-4284-8970-5eb033ab8d29

This generated password is for development use only. Your security configuration must be updated before running your application in production.

2026-01-30T01:01:23.414+09:00  INFO 34940 --- [entrusting-backend] [main] o.s.s.web.DefaultSecurityFilterChain     : Will secure any request with [org.springframework.security.web.session.DisableEncodeUrlFilter@16b1dee7, org.springframework.security.web.context.request.async.WebAsyncManagerIntegrationFilter@690337df, org.springframework.security.web.context.SecurityContextHolderFilter@68f9a4f4, org.springframework.security.web.header.HeaderWriterFilter@5ffaac1f, org.springframework.web.filter.CorsFilter@f62ae87, org.springframework.security.web.authentication.logout.LogoutFilter@39a809db, org.springframework.security.web.savedrequest.RequestCacheAwareFilter@309e874, org.springframework.security.web.servletapi.SecurityContextHolderAwareRequestFilter@5080c40e, org.springframework.security.web.authentication.AnonymousAuthenticationFilter@50be5d6f, org.springframework.security.web.access.ExceptionTranslationFilter@6142b9dd, org.springframework.security.web.access.intercept.AuthorizationFilter@207bf6d8]
2026-01-30T01:01:23.956+09:00  INFO 34940 --- [entrusting-backend] [main] o.s.b.w.embedded.tomcat.TomcatWebServer  : Tomcat started on port 8085 (http) with context path ''
2026-01-30T01:01:23.999+09:00  INFO 34940 --- [entrusting-backend] [main] c.entrusting.backend.BackendApplication  : Started BackendApplication in 16.579 seconds (process running for 17.854)
2026-01-30T01:05:25.214+09:00  INFO 34940 --- [entrusting-backend] [http-nio-8085-exec-7] o.a.c.c.C.[Tomcat].[localhost].[/]       : Initializing Spring DispatcherServlet 'dispatcherServlet'
2026-01-30T01:05:25.215+09:00  INFO 34940 --- [entrusting-backend] [http-nio-8085-exec-7] o.s.web.servlet.DispatcherServlet        : Initializing Servlet 'dispatcherServlet'
2026-01-30T01:05:25.219+09:00  INFO 34940 --- [entrusting-backend] [http-nio-8085-exec-7] o.s.web.servlet.DispatcherServlet        : Completed initialization in 3 ms
