[INFO] Scanning for projects...
[INFO] 
[INFO] -----------------------< com.entrusting:backend >-----------------------
[INFO] Building backend 0.0.1-SNAPSHOT
[INFO]   from pom.xml
[INFO] --------------------------------[ jar ]---------------------------------
[INFO] 
[INFO] >>> spring-boot:3.2.1:run (default-cli) > test-compile @ backend >>>
[INFO] 
[INFO] --- resources:3.3.1:resources (default-resources) @ backend ---
[INFO] Copying 1 resource from src\main\resources to target\classes
[INFO] Copying 1 resource from src\main\resources to target\classes
[INFO] 
[INFO] --- compiler:3.11.0:compile (default-compile) @ backend ---
[INFO] Nothing to compile - all classes are up to date
[INFO] 
[INFO] --- resources:3.3.1:testResources (default-testResources) @ backend ---
[INFO] skip non existing resourceDirectory C:\ContinueProject\homepage-project\entrusting-client\backend\src\test\resources
[INFO] 
[INFO] --- compiler:3.11.0:testCompile (default-testCompile) @ backend ---
[INFO] No sources to compile
[INFO] 
[INFO] <<< spring-boot:3.2.1:run (default-cli) < test-compile @ backend <<<
[INFO] 
[INFO] 
[INFO] --- spring-boot:3.2.1:run (default-cli) @ backend ---
[INFO] Attaching agents: []

  .   ____          _            __ _ _
 /\\ / ___'_ __ _ _(_)_ __  __ _ \ \ \ \
( ( )\___ | '_ | '_| | '_ \/ _` | \ \ \ \
 \\/  ___)| |_)| | | | | || (_| |  ) ) ) )
  '  |____| .__|_| |_|_| |_\__, | / / / /
 =========|_|==============|___/=/_/_/_/
 :: Spring Boot ::                (v3.2.1)

2026-01-27T12:41:33.300+09:00  INFO 28344 --- [entrusting-backend] [           main] c.entrusting.backend.BackendApplication  : Starting BackendApplication using Java 21.0.9 with PID 28344 (C:\ContinueProject\homepage-project\entrusting-client\backend\target\classes started by ez in C:\ContinueProject\homepage-project\entrusting-client\backend)
2026-01-27T12:41:33.302+09:00  INFO 28344 --- [entrusting-backend] [           main] c.entrusting.backend.BackendApplication  : No active profile set, falling back to 1 default profile: "default"
2026-01-27T12:41:33.747+09:00  INFO 28344 --- [entrusting-backend] [           main] .s.d.r.c.RepositoryConfigurationDelegate : Bootstrapping Spring Data JPA repositories in DEFAULT mode.
2026-01-27T12:41:33.787+09:00  INFO 28344 --- [entrusting-backend] [           main] .s.d.r.c.RepositoryConfigurationDelegate : Finished Spring Data repository scanning in 35 ms. Found 3 JPA repository interfaces.
2026-01-27T12:41:34.153+09:00  INFO 28344 --- [entrusting-backend] [           main] o.s.b.w.embedded.tomcat.TomcatWebServer  : Tomcat initialized with port 8085 (http)
2026-01-27T12:41:34.161+09:00  INFO 28344 --- [entrusting-backend] [           main] o.apache.catalina.core.StandardService   : Starting service [Tomcat]
2026-01-27T12:41:34.162+09:00  INFO 28344 --- [entrusting-backend] [           main] o.apache.catalina.core.StandardEngine    : Starting Servlet engine: [Apache Tomcat/10.1.17]
2026-01-27T12:41:34.206+09:00  INFO 28344 --- [entrusting-backend] [           main] o.a.c.c.C.[Tomcat].[localhost].[/]       : Initializing Spring embedded WebApplicationContext
2026-01-27T12:41:34.207+09:00  INFO 28344 --- [entrusting-backend] [           main] w.s.c.ServletWebServerApplicationContext : Root WebApplicationContext: initialization completed in 860 ms
2026-01-27T12:41:34.312+09:00  INFO 28344 --- [entrusting-backend] [           main] o.hibernate.jpa.internal.util.LogHelper  : HHH000204: Processing PersistenceUnitInfo [name: default]
2026-01-27T12:41:34.352+09:00  INFO 28344 --- [entrusting-backend] [           main] org.hibernate.Version                    : HHH000412: Hibernate ORM core version 6.4.1.Final
2026-01-27T12:41:34.371+09:00  INFO 28344 --- [entrusting-backend] [           main] o.h.c.internal.RegionFactoryInitiator    : HHH000026: Second-level cache disabled
2026-01-27T12:41:34.529+09:00  INFO 28344 --- [entrusting-backend] [           main] o.s.o.j.p.SpringPersistenceUnitInfo      : No LoadTimeWeaver setup: ignoring JPA class transformer
2026-01-27T12:41:34.544+09:00  INFO 28344 --- [entrusting-backend] [           main] com.zaxxer.hikari.HikariDataSource       : HikariPool-1 - Starting...
2026-01-27T12:41:34.669+09:00  INFO 28344 --- [entrusting-backend] [           main] com.zaxxer.hikari.pool.HikariPool        : HikariPool-1 - Added connection com.mysql.cj.jdbc.ConnectionImpl@64c8fcfb
2026-01-27T12:41:34.670+09:00  INFO 28344 --- [entrusting-backend] [           main] com.zaxxer.hikari.HikariDataSource       : HikariPool-1 - Start completed.
2026-01-27T12:41:35.350+09:00  INFO 28344 --- [entrusting-backend] [           main] o.h.e.t.j.p.i.JtaPlatformInitiator       : HHH000489: No JTA platform available (set 'hibernate.transaction.jta.platform' to enable JTA platform integration)
Hibernate: create table accounts (id bigint not null auto_increment, account_name varchar(255) not null, account_number varchar(255) not null, account_pin varchar(255), balance decimal(38,2) not null, created_at datetime(6), pin_fail_count integer not null, salt varchar(255), status varchar(255), user_id bigint not null, primary key (id)) engine=InnoDB
Hibernate: create table site_users (id bigint not null auto_increment, is_verified bit not null, name varchar(255), password varchar(255), phone_number varchar(255), username varchar(255), primary key (id)) engine=InnoDB
Hibernate: create table transactions (id bigint not null auto_increment, amount decimal(38,2) not null, description varchar(255), timestamp datetime(6), type varchar(255), receiver_account_id bigint, sender_account_id bigint, primary key (id)) engine=InnoDB
Hibernate: alter table accounts drop index UK_6kplolsdtr3slnvx97xsy2kc8
Hibernate: alter table accounts add constraint UK_6kplolsdtr3slnvx97xsy2kc8 unique (account_number)
Hibernate: alter table accounts add constraint FKhckd0yyv6355vwp6scnhycqn5 foreign key (user_id) references site_users (id)
Hibernate: alter table transactions add constraint FKrspclyipil8qrxop31nvc7rrc foreign key (receiver_account_id) references accounts (id)
Hibernate: alter table transactions add constraint FK68i6gd4um71kdv786gc5exkme foreign key (sender_account_id) references accounts (id)
2026-01-27T12:41:36.788+09:00  INFO 28344 --- [entrusting-backend] [           main] j.LocalContainerEntityManagerFactoryBean : Initialized JPA EntityManagerFactory for persistence unit 'default'
2026-01-27T12:41:37.036+09:00  INFO 28344 --- [entrusting-backend] [           main] o.s.d.j.r.query.QueryEnhancerFactory     : Hibernate is in classpath; If applicable, HQL parser will be used.
2026-01-27T12:41:37.593+09:00  WARN 28344 --- [entrusting-backend] [           main] JpaBaseConfiguration$JpaWebConfiguration : spring.jpa.open-in-view is enabled by default. Therefore, database queries may be performed during view rendering. Explicitly configure spring.jpa.open-in-view to disable this warning
2026-01-27T12:41:37.603+09:00  WARN 28344 --- [entrusting-backend] [           main] .s.s.UserDetailsServiceAutoConfiguration : 

Using generated security password: 9d84571b-376b-4e6c-b1fa-9838b795eb5b

This generated password is for development use only. Your security configuration must be updated before running your application in production.

2026-01-27T12:41:37.774+09:00  INFO 28344 --- [entrusting-backend] [           main] o.s.s.web.DefaultSecurityFilterChain     : Will secure any request with [org.springframework.security.web.session.DisableEncodeUrlFilter@10bf2726, org.springframework.security.web.context.request.async.WebAsyncManagerIntegrationFilter@bb78f01, org.springframework.security.web.context.SecurityContextHolderFilter@7d39c9c, org.springframework.security.web.header.HeaderWriterFilter@2796716d, org.springframework.web.filter.CorsFilter@1caf77f6, org.springframework.security.web.authentication.logout.LogoutFilter@30f929ff, org.springframework.security.web.savedrequest.RequestCacheAwareFilter@54ebacdc, org.springframework.security.web.servletapi.SecurityContextHolderAwareRequestFilter@618c387d, org.springframework.security.web.authentication.AnonymousAuthenticationFilter@246f9fa8, org.springframework.security.web.access.ExceptionTranslationFilter@524032f9, org.springframework.security.web.access.intercept.AuthorizationFilter@401b7109]
2026-01-27T12:41:37.948+09:00  INFO 28344 --- [entrusting-backend] [           main] o.s.b.w.embedded.tomcat.TomcatWebServer  : Tomcat started on port 8085 (http) with context path ''
2026-01-27T12:41:37.955+09:00  INFO 28344 --- [entrusting-backend] [           main] c.entrusting.backend.BackendApplication  : Started BackendApplication in 5.016 seconds (process running for 5.29)
