[INFO] Scanning for projects...
[INFO] 
[INFO] -----------------------< com.entrusting:backend >-----------------------
[INFO] Building backend 0.0.1-SNAPSHOT
[INFO]   from pom.xml
[INFO] --------------------------------[ jar ]---------------------------------
[INFO] 
[INFO] >>> spring-boot:3.2.1:run (default-cli) > test-compile @ backend >>>
[INFO] 
[INFO] --- resources:3.3.1:resources (default-resources) @ backend ---
[INFO] Copying 1 resource from src\main\resources to target\classes
[INFO] Copying 1 resource from src\main\resources to target\classes
[INFO] 
[INFO] --- compiler:3.11.0:compile (default-compile) @ backend ---
[INFO] Nothing to compile - all classes are up to date
[INFO] 
[INFO] --- resources:3.3.1:testResources (default-testResources) @ backend ---
[INFO] skip non existing resourceDirectory C:\ContinueProject\homepage-project\entrusting-client\backend\src\test\resources
[INFO] 
[INFO] --- compiler:3.11.0:testCompile (default-testCompile) @ backend ---
[INFO] No sources to compile
[INFO] 
[INFO] <<< spring-boot:3.2.1:run (default-cli) < test-compile @ backend <<<
[INFO] 
[INFO] 
[INFO] --- spring-boot:3.2.1:run (default-cli) @ backend ---
[INFO] Attaching agents: []

  .   ____          _            __ _ _
 /\\ / ___'_ __ _ _(_)_ __  __ _ \ \ \ \
( ( )\___ | '_ | '_| | '_ \/ _` | \ \ \ \
 \\/  ___)| |_)| | | | | || (_| |  ) ) ) )
  '  |____| .__|_| |_|_| |_\__, | / / / /
 =========|_|==============|___/=/_/_/_/
 :: Spring Boot ::                (v3.2.1)

2026-01-27T12:54:02.090+09:00  INFO 24516 --- [entrusting-backend] [           main] c.entrusting.backend.BackendApplication  : Starting BackendApplication using Java 21.0.9 with PID 24516 (C:\ContinueProject\homepage-project\entrusting-client\backend\target\classes started by ez in C:\ContinueProject\homepage-project\entrusting-client\backend)
2026-01-27T12:54:02.094+09:00  INFO 24516 --- [entrusting-backend] [           main] c.entrusting.backend.BackendApplication  : No active profile set, falling back to 1 default profile: "default"
2026-01-27T12:54:02.626+09:00  INFO 24516 --- [entrusting-backend] [           main] .s.d.r.c.RepositoryConfigurationDelegate : Bootstrapping Spring Data JPA repositories in DEFAULT mode.
2026-01-27T12:54:02.681+09:00  INFO 24516 --- [entrusting-backend] [           main] .s.d.r.c.RepositoryConfigurationDelegate : Finished Spring Data repository scanning in 49 ms. Found 3 JPA repository interfaces.
2026-01-27T12:54:03.245+09:00  INFO 24516 --- [entrusting-backend] [           main] o.s.b.w.embedded.tomcat.TomcatWebServer  : Tomcat initialized with port 8085 (http)
2026-01-27T12:54:03.257+09:00  INFO 24516 --- [entrusting-backend] [           main] o.apache.catalina.core.StandardService   : Starting service [Tomcat]
2026-01-27T12:54:03.258+09:00  INFO 24516 --- [entrusting-backend] [           main] o.apache.catalina.core.StandardEngine    : Starting Servlet engine: [Apache Tomcat/10.1.17]
2026-01-27T12:54:03.317+09:00  INFO 24516 --- [entrusting-backend] [           main] o.a.c.c.C.[Tomcat].[localhost].[/]       : Initializing Spring embedded WebApplicationContext
2026-01-27T12:54:03.318+09:00  INFO 24516 --- [entrusting-backend] [           main] w.s.c.ServletWebServerApplicationContext : Root WebApplicationContext: initialization completed in 1182 ms
2026-01-27T12:54:03.494+09:00  INFO 24516 --- [entrusting-backend] [           main] o.hibernate.jpa.internal.util.LogHelper  : HHH000204: Processing PersistenceUnitInfo [name: default]
2026-01-27T12:54:03.589+09:00  INFO 24516 --- [entrusting-backend] [           main] org.hibernate.Version                    : HHH000412: Hibernate ORM core version 6.4.1.Final
2026-01-27T12:54:03.623+09:00  INFO 24516 --- [entrusting-backend] [           main] o.h.c.internal.RegionFactoryInitiator    : HHH000026: Second-level cache disabled
2026-01-27T12:54:03.890+09:00  INFO 24516 --- [entrusting-backend] [           main] o.s.o.j.p.SpringPersistenceUnitInfo      : No LoadTimeWeaver setup: ignoring JPA class transformer
2026-01-27T12:54:03.912+09:00  INFO 24516 --- [entrusting-backend] [           main] com.zaxxer.hikari.HikariDataSource       : HikariPool-1 - Starting...
2026-01-27T12:54:04.189+09:00  INFO 24516 --- [entrusting-backend] [           main] com.zaxxer.hikari.pool.HikariPool        : HikariPool-1 - Added connection com.mysql.cj.jdbc.ConnectionImpl@d70e9a
2026-01-27T12:54:04.192+09:00  INFO 24516 --- [entrusting-backend] [           main] com.zaxxer.hikari.HikariDataSource       : HikariPool-1 - Start completed.
2026-01-27T12:54:05.274+09:00  INFO 24516 --- [entrusting-backend] [           main] o.h.e.t.j.p.i.JtaPlatformInitiator       : HHH000489: No JTA platform available (set 'hibernate.transaction.jta.platform' to enable JTA platform integration)
2026-01-27T12:54:05.362+09:00  INFO 24516 --- [entrusting-backend] [           main] j.LocalContainerEntityManagerFactoryBean : Initialized JPA EntityManagerFactory for persistence unit 'default'
2026-01-27T12:54:05.768+09:00  INFO 24516 --- [entrusting-backend] [           main] o.s.d.j.r.query.QueryEnhancerFactory     : Hibernate is in classpath; If applicable, HQL parser will be used.
2026-01-27T12:54:06.529+09:00  WARN 24516 --- [entrusting-backend] [           main] JpaBaseConfiguration$JpaWebConfiguration : spring.jpa.open-in-view is enabled by default. Therefore, database queries may be performed during view rendering. Explicitly configure spring.jpa.open-in-view to disable this warning
2026-01-27T12:54:06.562+09:00  WARN 24516 --- [entrusting-backend] [           main] .s.s.UserDetailsServiceAutoConfiguration : 

Using generated security password: e7eef096-662a-498f-a3e3-b09c767df07a

This generated password is for development use only. Your security configuration must be updated before running your application in production.

2026-01-27T12:54:06.841+09:00  INFO 24516 --- [entrusting-backend] [           main] o.s.s.web.DefaultSecurityFilterChain     : Will secure any request with [org.springframework.security.web.session.DisableEncodeUrlFilter@71bebddf, org.springframework.security.web.context.request.async.WebAsyncManagerIntegrationFilter@7c1f435a, org.springframework.security.web.context.SecurityContextHolderFilter@13ebbdab, org.springframework.security.web.header.HeaderWriterFilter@1d413e98, org.springframework.web.filter.CorsFilter@123e87cd, org.springframework.security.web.authentication.logout.LogoutFilter@7a62e096, org.springframework.security.web.savedrequest.RequestCacheAwareFilter@5b1295c0, org.springframework.security.web.servletapi.SecurityContextHolderAwareRequestFilter@bf3aa52, org.springframework.security.web.authentication.AnonymousAuthenticationFilter@21d85933, org.springframework.security.web.access.ExceptionTranslationFilter@3b93d874, org.springframework.security.web.access.intercept.AuthorizationFilter@54cb2cee]
2026-01-27T12:54:07.092+09:00  INFO 24516 --- [entrusting-backend] [           main] o.s.b.w.embedded.tomcat.TomcatWebServer  : Tomcat started on port 8085 (http) with context path ''
2026-01-27T12:54:07.102+09:00  INFO 24516 --- [entrusting-backend] [           main] c.entrusting.backend.BackendApplication  : Started BackendApplication in 5.345 seconds (process running for 5.786)
2026-01-27T13:04:20.629+09:00  INFO 24516 --- [entrusting-backend] [nio-8085-exec-2] o.a.c.c.C.[Tomcat].[localhost].[/]       : Initializing Spring DispatcherServlet 'dispatcherServlet'
2026-01-27T13:04:20.629+09:00  INFO 24516 --- [entrusting-backend] [nio-8085-exec-2] o.s.web.servlet.DispatcherServlet        : Initializing Servlet 'dispatcherServlet'
2026-01-27T13:04:20.630+09:00  INFO 24516 --- [entrusting-backend] [nio-8085-exec-2] o.s.web.servlet.DispatcherServlet        : Completed initialization in 1 ms
[ENTRUSTING-DEBUG] Callback Request Received - Phone: 01000000000, Token: 5d8cf0ee-8e79-4c8b-a42d-5c752ac87110
[ENTRUSTING-DEBUG] Callback Request Received - Phone: 01000000000, Token: 5d8cf0ee-8e79-4c8b-a42d-5c752ac87110
[ENTRUSTING-DEBUG] Trustee Response: {tokenId=5d8cf0ee-8e79-4c8b-a42d-5c752ac87110, status=COMPLETED, name=È«±æµ¿}
[ENTRUSTING-DEBUG] Trustee Response: {tokenId=5d8cf0ee-8e79-4c8b-a42d-5c752ac87110, status=COMPLETED, name=È«±æµ¿}
Hibernate: select u1_0.id,u1_0.is_verified,u1_0.name,u1_0.password,u1_0.phone_number,u1_0.username from site_users u1_0 where u1_0.phone_number=?
Hibernate: select u1_0.id,u1_0.is_verified,u1_0.name,u1_0.password,u1_0.phone_number,u1_0.username from site_users u1_0 where u1_0.phone_number=?
[ENTRUSTING-DEBUG] Auth Callback received for NON-REGISTERED Number: 01000000000. This is expected during registration flow.
[ENTRUSTING-DEBUG] Auth Callback received for NON-REGISTERED Number: 01000000000. This is expected during registration flow.
[ENTRUSTING-DEBUG] Callback Success for: 01000000000
[ENTRUSTING-DEBUG] Callback Success for: 01000000000
Hibernate: select u1_0.id,u1_0.is_verified,u1_0.name,u1_0.password,u1_0.phone_number,u1_0.username from site_users u1_0 where u1_0.username=?
Hibernate: select u1_0.id,u1_0.is_verified,u1_0.name,u1_0.password,u1_0.phone_number,u1_0.username from site_users u1_0 where u1_0.phone_number=?
Hibernate: insert into site_users (is_verified,name,password,phone_number,username) values (?,?,?,?,?)
Hibernate: select u1_0.id,u1_0.is_verified,u1_0.name,u1_0.password,u1_0.phone_number,u1_0.username from site_users u1_0 where u1_0.username=?
Hibernate: select u1_0.id,u1_0.is_verified,u1_0.name,u1_0.password,u1_0.phone_number,u1_0.username from site_users u1_0 where u1_0.username=?
Hibernate: select a1_0.id,a1_0.account_name,a1_0.account_number,a1_0.account_pin,a1_0.balance,a1_0.created_at,a1_0.pin_fail_count,a1_0.salt,a1_0.status,a1_0.user_id from accounts a1_0 where a1_0.user_id=?
Hibernate: select u1_0.id,u1_0.is_verified,u1_0.name,u1_0.password,u1_0.phone_number,u1_0.username from site_users u1_0 where u1_0.username=?
Hibernate: select a1_0.id,a1_0.account_name,a1_0.account_number,a1_0.account_pin,a1_0.balance,a1_0.created_at,a1_0.pin_fail_count,a1_0.salt,a1_0.status,a1_0.user_id from accounts a1_0 where a1_0.user_id=?
