[INFO] Scanning for projects...
[INFO] 
[INFO] -----------------------< com.entrusting:backend >-----------------------
[INFO] Building backend 0.0.1-SNAPSHOT
[INFO]   from pom.xml
[INFO] --------------------------------[ jar ]---------------------------------
[INFO] 
[INFO] >>> spring-boot:3.2.1:run (default-cli) > test-compile @ backend >>>
[INFO] 
[INFO] --- resources:3.3.1:resources (default-resources) @ backend ---
[INFO] Copying 1 resource from src\main\resources to target\classes
[INFO] Copying 1 resource from src\main\resources to target\classes
[INFO] 
[INFO] --- compiler:3.11.0:compile (default-compile) @ backend ---
[INFO] Nothing to compile - all classes are up to date
[INFO] 
[INFO] --- resources:3.3.1:testResources (default-testResources) @ backend ---
[INFO] skip non existing resourceDirectory C:\ContinueProject\homepage-project\entrusting-client\backend\src\test\resources
[INFO] 
[INFO] --- compiler:3.11.0:testCompile (default-testCompile) @ backend ---
[INFO] No sources to compile
[INFO] 
[INFO] <<< spring-boot:3.2.1:run (default-cli) < test-compile @ backend <<<
[INFO] 
[INFO] 
[INFO] --- spring-boot:3.2.1:run (default-cli) @ backend ---
[INFO] Attaching agents: []

  .   ____          _            __ _ _
 /\\ / ___'_ __ _ _(_)_ __  __ _ \ \ \ \
( ( )\___ | '_ | '_| | '_ \/ _` | \ \ \ \
 \\/  ___)| |_)| | | | | || (_| |  ) ) ) )
  '  |____| .__|_| |_|_| |_\__, | / / / /
 =========|_|==============|___/=/_/_/_/
 :: Spring Boot ::                (v3.2.1)

2026-01-27T12:52:19.155+09:00  INFO 25452 --- [entrusting-backend] [           main] c.entrusting.backend.BackendApplication  : Starting BackendApplication using Java 21.0.9 with PID 25452 (C:\ContinueProject\homepage-project\entrusting-client\backend\target\classes started by ez in C:\ContinueProject\homepage-project\entrusting-client\backend)
2026-01-27T12:52:19.159+09:00  INFO 25452 --- [entrusting-backend] [           main] c.entrusting.backend.BackendApplication  : No active profile set, falling back to 1 default profile: "default"
2026-01-27T12:52:19.642+09:00  INFO 25452 --- [entrusting-backend] [           main] .s.d.r.c.RepositoryConfigurationDelegate : Bootstrapping Spring Data JPA repositories in DEFAULT mode.
2026-01-27T12:52:19.689+09:00  INFO 25452 --- [entrusting-backend] [           main] .s.d.r.c.RepositoryConfigurationDelegate : Finished Spring Data repository scanning in 41 ms. Found 3 JPA repository interfaces.
2026-01-27T12:52:20.247+09:00  INFO 25452 --- [entrusting-backend] [           main] o.s.b.w.embedded.tomcat.TomcatWebServer  : Tomcat initialized with port 8085 (http)
2026-01-27T12:52:20.260+09:00  INFO 25452 --- [entrusting-backend] [           main] o.apache.catalina.core.StandardService   : Starting service [Tomcat]
2026-01-27T12:52:20.260+09:00  INFO 25452 --- [entrusting-backend] [           main] o.apache.catalina.core.StandardEngine    : Starting Servlet engine: [Apache Tomcat/10.1.17]
2026-01-27T12:52:20.305+09:00  INFO 25452 --- [entrusting-backend] [           main] o.a.c.c.C.[Tomcat].[localhost].[/]       : Initializing Spring embedded WebApplicationContext
2026-01-27T12:52:20.305+09:00  INFO 25452 --- [entrusting-backend] [           main] w.s.c.ServletWebServerApplicationContext : Root WebApplicationContext: initialization completed in 1099 ms
2026-01-27T12:52:20.413+09:00  INFO 25452 --- [entrusting-backend] [           main] o.hibernate.jpa.internal.util.LogHelper  : HHH000204: Processing PersistenceUnitInfo [name: default]
2026-01-27T12:52:20.472+09:00  INFO 25452 --- [entrusting-backend] [           main] org.hibernate.Version                    : HHH000412: Hibernate ORM core version 6.4.1.Final
2026-01-27T12:52:20.498+09:00  INFO 25452 --- [entrusting-backend] [           main] o.h.c.internal.RegionFactoryInitiator    : HHH000026: Second-level cache disabled
2026-01-27T12:52:20.730+09:00  INFO 25452 --- [entrusting-backend] [           main] o.s.o.j.p.SpringPersistenceUnitInfo      : No LoadTimeWeaver setup: ignoring JPA class transformer
2026-01-27T12:52:20.749+09:00  INFO 25452 --- [entrusting-backend] [           main] com.zaxxer.hikari.HikariDataSource       : HikariPool-1 - Starting...
2026-01-27T12:52:20.916+09:00  INFO 25452 --- [entrusting-backend] [           main] com.zaxxer.hikari.pool.HikariPool        : HikariPool-1 - Added connection com.mysql.cj.jdbc.ConnectionImpl@5a3cf824
2026-01-27T12:52:20.917+09:00  INFO 25452 --- [entrusting-backend] [           main] com.zaxxer.hikari.HikariDataSource       : HikariPool-1 - Start completed.
2026-01-27T12:52:21.700+09:00  INFO 25452 --- [entrusting-backend] [           main] o.h.e.t.j.p.i.JtaPlatformInitiator       : HHH000489: No JTA platform available (set 'hibernate.transaction.jta.platform' to enable JTA platform integration)
2026-01-27T12:52:21.873+09:00  INFO 25452 --- [entrusting-backend] [           main] j.LocalContainerEntityManagerFactoryBean : Initialized JPA EntityManagerFactory for persistence unit 'default'
2026-01-27T12:52:22.184+09:00  INFO 25452 --- [entrusting-backend] [           main] o.s.d.j.r.query.QueryEnhancerFactory     : Hibernate is in classpath; If applicable, HQL parser will be used.
2026-01-27T12:52:22.548+09:00  WARN 25452 --- [entrusting-backend] [           main] JpaBaseConfiguration$JpaWebConfiguration : spring.jpa.open-in-view is enabled by default. Therefore, database queries may be performed during view rendering. Explicitly configure spring.jpa.open-in-view to disable this warning
2026-01-27T12:52:22.560+09:00  WARN 25452 --- [entrusting-backend] [           main] .s.s.UserDetailsServiceAutoConfiguration : 

Using generated security password: eb4968d9-ba66-458c-b9b2-9762f36b540e

This generated password is for development use only. Your security configuration must be updated before running your application in production.

2026-01-27T12:52:22.749+09:00  INFO 25452 --- [entrusting-backend] [           main] o.s.s.web.DefaultSecurityFilterChain     : Will secure any request with [org.springframework.security.web.session.DisableEncodeUrlFilter@526ae1fc, org.springframework.security.web.context.request.async.WebAsyncManagerIntegrationFilter@cf9223f, org.springframework.security.web.context.SecurityContextHolderFilter@7b886bd3, org.springframework.security.web.header.HeaderWriterFilter@311683ea, org.springframework.web.filter.CorsFilter@7a62e096, org.springframework.security.web.authentication.logout.LogoutFilter@7aa06fac, org.springframework.security.web.savedrequest.RequestCacheAwareFilter@75daa568, org.springframework.security.web.servletapi.SecurityContextHolderAwareRequestFilter@41ebae0e, org.springframework.security.web.authentication.AnonymousAuthenticationFilter@426d7d23, org.springframework.security.web.access.ExceptionTranslationFilter@5be521cd, org.springframework.security.web.access.intercept.AuthorizationFilter@346d441a]
2026-01-27T12:52:22.918+09:00  WARN 25452 --- [entrusting-backend] [           main] ConfigServletWebServerApplicationContext : Exception encountered during context initialization - cancelling refresh attempt: org.springframework.context.ApplicationContextException: Failed to start bean 'webServerStartStop'
2026-01-27T12:52:22.919+09:00  INFO 25452 --- [entrusting-backend] [           main] j.LocalContainerEntityManagerFactoryBean : Closing JPA EntityManagerFactory for persistence unit 'default'
2026-01-27T12:52:22.921+09:00  INFO 25452 --- [entrusting-backend] [           main] com.zaxxer.hikari.HikariDataSource       : HikariPool-1 - Shutdown initiated...
2026-01-27T12:52:22.931+09:00  INFO 25452 --- [entrusting-backend] [           main] com.zaxxer.hikari.HikariDataSource       : HikariPool-1 - Shutdown completed.
2026-01-27T12:52:22.939+09:00  INFO 25452 --- [entrusting-backend] [           main] .s.b.a.l.ConditionEvaluationReportLogger : 

Error starting ApplicationContext. To display the condition evaluation report re-run your application with 'debug' enabled.
2026-01-27T12:52:22.955+09:00 ERROR 25452 --- [entrusting-backend] [           main] o.s.b.d.LoggingFailureAnalysisReporter   : 

***************************
APPLICATION FAILED TO START
***************************

Description:

Web server failed to start. Port 8085 was already in use.

Action:

Identify and stop the process that's listening on port 8085 or configure this application to listen on another port.

[INFO] ------------------------------------------------------------------------
[INFO] BUILD FAILURE
[INFO] ------------------------------------------------------------------------
[INFO] Total time:  5.902 s
[INFO] Finished at: 2026-01-27T12:52:22+09:00
[INFO] ------------------------------------------------------------------------
[ERROR] Failed to execute goal org.springframework.boot:spring-boot-maven-plugin:3.2.1:run (default-cli) on project backend: Process terminated with exit code: 1 -> [Help 1]
[ERROR] 
[ERROR] To see the full stack trace of the errors, re-run Maven with the -e switch.
[ERROR] Re-run Maven using the -X switch to enable full debug logging.
[ERROR] 
[ERROR] For more information about the errors and possible solutions, please read the following articles:
[ERROR] [Help 1] http://cwiki.apache.org/confluence/display/MAVEN/MojoExecutionException
